<?xml version="1.0" encoding="UTF-8"?>
<testsuite xmlns:xsi="http://www.w3.org/2001/XMLSchema-instance" xsi:noNamespaceSchemaLocation="https://maven.apache.org/surefire/maven-surefire-plugin/xsd/surefire-test-report-3.0.xsd" version="3.0" name="com.maintenance.infrastructure.LocalMessageQueueTest" time="0.633" tests="4" errors="0" skipped="0" failures="0">
  <properties>
[...]
</properties>
  <testcase name="isProcessed_reportsCorrectly" classname="com.maintenance.infrastructure.LocalMessageQueueTest" time="0.296">
    <system-out><![CDATA[11:24:26.556 [event-consumer-thread] INFO com.maintenance.infrastructure.queue.LocalMessageQueue -- LocalMessageQueue consumer thread started
11:24:26.571 [main] INFO com.maintenance.infrastructure.queue.LocalMessageQueue -- Published event [TEST_EVENT] with explicit eventId [check-test-001]
]]></system-out>
  </testcase>
  <testcase name="publish_generatesUniqueEventIds" classname="com.maintenance.infrastructure.LocalMessageQueueTest" time="0.06">
    <system-out><![CDATA[11:24:26.729 [event-consumer-thread] INFO com.maintenance.infrastructure.queue.LocalMessageQueue -- LocalMessageQueue consumer thread started
11:24:26.730 [main] INFO com.maintenance.infrastructure.queue.LocalMessageQueue -- Published event [TEST_EVENT] with eventId [4913e9ff4e7d48ce9f410dd8677301fc]
11:24:26.731 [main] INFO com.maintenance.infrastructure.queue.LocalMessageQueue -- Published event [TEST_EVENT] with eventId [521740d8852f4d8b88fc78dd28e42384]
11:24:26.732 [main] INFO com.maintenance.infrastructure.queue.LocalMessageQueue -- Published event [TEST_EVENT] with eventId [40dbeaf8a654447697441efccb78a4c5]
]]></system-out>
  </testcase>
  <testcase name="duplicateEvents_areDeduplicated" classname="com.maintenance.infrastructure.LocalMessageQueueTest" time="0.211">
    <system-out><![CDATA[11:24:26.790 [event-consumer-thread] INFO com.maintenance.infrastructure.queue.LocalMessageQueue -- LocalMessageQueue consumer thread started
11:24:26.790 [main] INFO com.maintenance.infrastructure.queue.LocalMessageQueue -- Published event [TEST_EVENT] with explicit eventId [dedup-test-001]
11:24:26.790 [main] INFO com.maintenance.infrastructure.queue.LocalMessageQueue -- Published event [TEST_EVENT] with explicit eventId [dedup-test-001]
11:24:26.790 [event-consumer-thread] INFO com.maintenance.infrastructure.queue.LocalMessageQueue -- Skipping duplicate event [TEST_EVENT] with eventId [dedup-test-001]
]]></system-out>
  </testcase>
  <testcase name="uniqueEvents_allDelivered" classname="com.maintenance.infrastructure.LocalMessageQueueTest" time="0.061">
    <system-out><![CDATA[11:24:27.000 [event-consumer-thread] INFO com.maintenance.infrastructure.queue.LocalMessageQueue -- LocalMessageQueue consumer thread started
11:24:27.003 [main] INFO com.maintenance.infrastructure.queue.LocalMessageQueue -- Published event [TEST_EVENT] with explicit eventId [unique-test-0]
11:24:27.004 [main] INFO com.maintenance.infrastructure.queue.LocalMessageQueue -- Published event [TEST_EVENT] with explicit eventId [unique-test-1]
11:24:27.004 [main] INFO com.maintenance.infrastructure.queue.LocalMessageQueue -- Published event [TEST_EVENT] with explicit eventId [unique-test-2]
11:24:27.004 [main] INFO com.maintenance.infrastructure.queue.LocalMessageQueue -- Published event [TEST_EVENT] with explicit eventId [unique-test-3]
11:24:27.004 [main] INFO com.maintenance.infrastructure.queue.LocalMessageQueue -- Published event [TEST_EVENT] with explicit eventId [unique-test-4]
]]></system-out>
  </testcase>
</testsuite>