<?xml version="1.0" encoding="UTF-8"?>
<testsuite xmlns:xsi="http://www.w3.org/2001/XMLSchema-instance" xsi:noNamespaceSchemaLocation="https://maven.apache.org/surefire/maven-surefire-plugin/xsd/surefire-test-report-3.0.xsd" version="3.0" name="com.maintenance.service.ConcurrencySafetyTest$ConsumerEvictionTest" time="0.579" tests="2" errors="0" skipped="0" failures="0">
  <properties>
[...]
</properties>
  <testcase name="eviction_preventsUnboundedGrowth" classname="com.maintenance.service.ConcurrencySafetyTest$ConsumerEvictionTest" time="0.56">
    <system-out><![CDATA[12:32:40.323 [main] INFO com.maintenance.consumer.PredictiveDispatchConsumer -- 派工方案已生成, workOrderId=0, planCount=1, recommendedIndex=null
12:32:40.325 [main] INFO com.maintenance.consumer.PredictiveDispatchConsumer -- 派工方案已生成, workOrderId=1, planCount=1, recommendedIndex=null
12:32:40.326 [main] INFO com.maintenance.consumer.PredictiveDispatchConsumer -- 派工方案已生成, workOrderId=2, planCount=1, recommendedIndex=null
12:32:40.326 [main] INFO com.maintenance.consumer.PredictiveDispatchConsumer -- 派工方案已生成, workOrderId=3, planCount=1, recommendedIndex=null
12:32:40.327 [main] INFO com.maintenance.consumer.PredictiveDispatchConsumer -- 派工方案已生成, workOrderId=4, planCount=1, recommendedIndex=null
12:32:40.327 [main] INFO com.maintenance.consumer.PredictiveDispatchConsumer -- 派工方案已生成, workOrderId=5, planCount=1, recommendedIndex=null
12:32:40.329 [main] INFO com.maintenance.consumer.PredictiveDispatchConsumer -- 派工方案已生成, workOrderId=6, planCount=1, recommendedIndex=null
12:32:40.330 [main] INFO com.maintenance.consumer.PredictiveDispatchConsumer -- 派工方案已生成, workOrderId=7, planCount=1, recommendedIndex=null
12:32:40.331 [main] INFO com.maintenance.consumer.PredictiveDispatchConsumer -- 派工方案已生成, workOrderId=8, planCount=1, recommendedIndex=null
12:32:40.334 [main] INFO com.maintenance.consumer.PredictiveDispatchConsumer -- 派工方案已生成, workOrderId=9, planCount=1, recommendedIndex=null
12:32:40.334 [main] INFO com.maintenance.consumer.PredictiveDispatchConsumer -- 派工方案已生成, workOrderId=10, planCount=1, recommendedIndex=null
12:32:40.335 [main] INFO com.maintenance.consumer.PredictiveDispatchConsumer -- 派工方案已生成, workOrderId=11, planCount=1, recommendedIndex=null
12:32:40.335 [main] INFO com.maintenance.consumer.PredictiveDispatchConsumer -- 派工方案已生成, workOrderId=12, planCount=1, recommendedIndex=null
12:32:40.335 [main] INFO com.maintenance.consumer.PredictiveDispatchConsumer -- 派工方案已生成, workOrderId=13, planCount=1, recommendedIndex=null
12:32:40.336 [main] INFO com.maintenance.consumer.PredictiveDispatchConsumer -- 派工方案已生成, workOrderId=14, planCount=1, recommendedIndex=null
12:32:40.336 [main] INFO com.maintenance.consumer.PredictiveDispatchConsumer -- 派工方案已生成, workOrderId=15, planCount=1, recommendedIndex=null
12:32:40.337 [main] INFO com.maintenance.consumer.PredictiveDispatchConsumer -- 派工方案已生成, workOrderId=16, planCount=1, recommendedIndex=null
12:32:40.337 [main] INFO com.maintenance.consumer.PredictiveDispatchConsumer -- 派工方案已生成, workOrderId=17, planCount=1, recommendedIndex=null
12:32:40.337 [main] INFO com.maintenance.consumer.PredictiveDispatchConsumer -- 派工方案已生成, workOrderId=18, planCount=1, recommendedIndex=null
12:32:40.337 [main] INFO com.maintenance.consumer.PredictiveDispatchConsumer -- 派工方案已生成, workOrderId=19, planCount=1, recommendedIndex=null
12:32:40.337 [main] INFO com.maintenance.consumer.PredictiveDispatchConsumer -- 派工方案已生成, workOrderId=20, planCount=1, recommendedIndex=null
12:32:40.338 [main] INFO com.maintenance.consumer.PredictiveDispatchConsumer -- 派工方案已生成, workOrderId=21, planCount=1, recommendedIndex=null
12:32:40.338 [main] INFO com.maintenance.consumer.PredictiveDispatchConsumer -- 派工方案已生成, workOrderId=22, planCount=1, recommendedIndex=null
12:32:40.339 [main] INFO com.maintenance.consumer.PredictiveDispatchConsumer -- 派工方案已生成, workOrderId=23, planCount=1, recommendedIndex=null
12:32:40.340 [main] INFO com.maintenance.consumer.PredictiveDispatchConsumer -- 派工方案已生成, workOrderId=24, planCount=1, recommendedIndex=null
12:32:40.340 [main] INFO com.maintenance.consumer.PredictiveDispatchConsumer -- 派工方案已生成, workOrderId=25, planCount=1, recommendedIndex=null
12:32:40.341 [main] INFO com.maintenance.consumer.PredictiveDispatchConsumer -- 派工方案已生成, workOrderId=26, planCount=1, recommendedIndex=null
12:32:40.342 [main] INFO com.maintenance.consumer.PredictiveDispatchConsumer -- 派工方案已生成, workOrderId=27, planCount=1, recommendedIndex=null
12:32:40.343 [main] INFO com.maintenance.consumer.PredictiveDispatchConsumer -- 派工方案已生成, workOrderId=28, planCount=1, recommendedIndex=null
12:32:40.344 [main] INFO com.maintenance.consumer.PredictiveDispatchConsumer -- 派工方案已生成, workOrderId=29, planCount=1, recommendedIndex=null
12:32:40.344 [main] INFO com.maintenance.consumer.PredictiveDispatchConsumer -- 派工方案已生成, workOrderId=30, planCount=1, recommendedIndex=null
12:32:40.345 [main] INFO com.maintenance.consumer.PredictiveDispatchConsumer -- 派工方案已生成, workOrderId=31, planCount=1, recommendedIndex=null
12:32:40.345 [main] INFO com.maintenance.consumer.PredictiveDispatchConsumer -- 派工方案已生成, workOrderId=32, planCount=1, recommendedIndex=null
12:32:40.345 [main] INFO com.maintenance.consumer.PredictiveDispatchConsumer -- 派工方案已生成, workOrderId=33, planCount=1, recommendedIndex=null
12:32:40.346 [main] INFO com.maintenance.consumer.PredictiveDispatchConsumer -- 派工方案已生成, workOrderId=34, planCount=1, recommendedIndex=null
12:32:40.346 [main] INFO com.maintenance.consumer.PredictiveDispatchConsumer -- 派工方案已生成, workOrderId=35, planCount=1, recommendedIndex=null
12:32:40.347 [main] INFO com.maintenance.consumer.PredictiveDispatchConsumer -- 派工方案已生成, workOrderId=36, planCount=1, recommendedIndex=null
12:32:40.350 [main] INFO com.maintenance.consumer.PredictiveDispatchConsumer -- 派工方案已生成, workOrderId=37, planCount=1, recommendedIndex=null
12:32:40.351 [main] INFO com.maintenance.consumer.PredictiveDispatchConsumer -- 派工方案已生成, workOrderId=38, planCount=1, recommendedIndex=null
12:32:40.351 [main] INFO com.maintenance.consumer.PredictiveDispatchConsumer -- 派工方案已生成, workOrderId=39, planCount=1, recommendedIndex=null
12:32:40.352 [main] INFO com.maintenance.consumer.PredictiveDispatchConsumer -- 派工方案已生成, workOrderId=40, planCount=1, recommendedIndex=null
12:32:40.353 [main] INFO com.maintenance.consumer.PredictiveDispatchConsumer -- 派工方案已生成, workOrderId=41, planCount=1, recommendedIndex=null
12:32:40.353 [main] INFO com.maintenance.consumer.PredictiveDispatchConsumer -- 派工方案已生成, workOrderId=42, planCount=1, recommendedIndex=null
12:32:40.354 [main] INFO com.maintenance.consumer.PredictiveDispatchConsumer -- 派工方案已生成, workOrderId=43, planCount=1, recommendedIndex=null
12:32:40.354 [main] INFO com.maintenance.consumer.PredictiveDispatchConsumer -- 派工方案已生成, workOrderId=44, planCount=1, recommendedIndex=null
12:32:40.355 [main] INFO com.maintenance.consumer.PredictiveDispatchConsumer -- 派工方案已生成, workOrderId=45, planCount=1, recommendedIndex=null
12:32:40.355 [main] INFO com.maintenance.consumer.PredictiveDispatchConsumer -- 派工方案已生成, workOrderId=46, planCount=1, recommendedIndex=null
12:32:40.356 [main] INFO com.maintenance.consumer.PredictiveDispatchConsumer -- 派工方案已生成, workOrderId=47, planCount=1, recommendedIndex=null
12:32:40.357 [main] INFO com.maintenance.consumer.PredictiveDispatchConsumer -- 派工方案已生成, workOrderId=48, planCount=1, recommendedIndex=null
12:32:40.357 [main] INFO com.maintenance.consumer.PredictiveDispatchConsumer -- 派工方案已生成, workOrderId=49, planCount=1, recommendedIndex=null
12:32:40.358 [main] INFO com.maintenance.consumer.PredictiveDispatchConsumer -- 派工方案已生成, workOrderId=50, planCount=1, recommendedIndex=null
12:32:40.359 [main] INFO com.maintenance.consumer.PredictiveDispatchConsumer -- 派工方案已生成, workOrderId=51, planCount=1, recommendedIndex=null
12:32:40.360 [main] INFO com.maintenance.consumer.PredictiveDispatchConsumer -- 派工方案已生成, workOrderId=52, planCount=1, recommendedIndex=null
12:32:40.360 [main] INFO com.maintenance.consumer.PredictiveDispatchConsumer -- 派工方案已生成, workOrderId=53, planCount=1, recommendedIndex=null
12:32:40.361 [main] INFO com.maintenance.consumer.PredictiveDispatchConsumer -- 派工方案已生成, workOrderId=54, planCount=1, recommendedIndex=null
12:32:40.361 [main] INFO com.maintenance.consumer.PredictiveDispatchConsumer -- 派工方案已生成, workOrderId=55, planCount=1, recommendedIndex=null
12:32:40.361 [main] INFO com.maintenance.consumer.PredictiveDispatchConsumer -- 派工方案已生成, workOrderId=56, planCount=1, recommendedIndex=null
12:32:40.362 [main] INFO com.maintenance.consumer.PredictiveDispatchConsumer -- 派工方案已生成, workOrderId=57, planCount=1, recommendedIndex=null
12:32:40.362 [main] INFO com.maintenance.consumer.PredictiveDispatchConsumer -- 派工方案已生成, workOrderId=58, planCount=1, recommendedIndex=null
12:32:40.362 [main] INFO com.maintenance.consumer.PredictiveDispatchConsumer -- 派工方案已生成, workOrderId=59, planCount=1, recommendedIndex=null
12:32:40.362 [main] INFO com.maintenance.consumer.PredictiveDispatchConsumer -- 派工方案已生成, workOrderId=60, planCount=1, recommendedIndex=null
12:32:40.362 [main] INFO com.maintenance.consumer.PredictiveDispatchConsumer -- 派工方案已生成, workOrderId=61, planCount=1, recommendedIndex=null
12:32:40.363 [main] INFO com.maintenance.consumer.PredictiveDispatchConsumer -- 派工方案已生成, workOrderId=62, planCount=1, recommendedIndex=null
12:32:40.363 [main] INFO com.maintenance.consumer.PredictiveDispatchConsumer -- 派工方案已生成, workOrderId=63, planCount=1, recommendedIndex=null
12:32:40.363 [main] INFO com.maintenance.consumer.PredictiveDispatchConsumer -- 派工方案已生成, workOrderId=64, planCount=1, recommendedIndex=null
12:32:40.363 [main] INFO com.maintenance.consumer.PredictiveDispatchConsumer -- 派工方案已生成, workOrderId=65, planCount=1, recommendedIndex=null
12:32:40.364 [main] INFO com.maintenance.consumer.PredictiveDispatchConsumer -- 派工方案已生成, workOrderId=66, planCount=1, recommendedIndex=null
12:32:40.365 [main] INFO com.maintenance.consumer.PredictiveDispatchConsumer -- 派工方案已生成, workOrderId=67, planCount=1, recommendedIndex=null
12:32:40.367 [main] INFO com.maintenance.consumer.PredictiveDispatchConsumer -- 派工方案已生成, workOrderId=68, planCount=1, recommendedIndex=null
12:32:40.367 [main] INFO com.maintenance.consumer.PredictiveDispatchConsumer -- 派工方案已生成, workOrderId=69, planCount=1, recommendedIndex=null
12:32:40.368 [main] INFO com.maintenance.consumer.PredictiveDispatchConsumer -- 派工方案已生成, workOrderId=70, planCount=1, recommendedIndex=null
12:32:40.368 [main] INFO com.maintenance.consumer.PredictiveDispatchConsumer -- 派工方案已生成, workOrderId=71, planCount=1, recommendedIndex=null
12:32:40.368 [main] INFO com.maintenance.consumer.PredictiveDispatchConsumer -- 派工方案已生成, workOrderId=72, planCount=1, recommendedIndex=null
12:32:40.368 [main] INFO com.maintenance.consumer.PredictiveDispatchConsumer -- 派工方案已生成, workOrderId=73, planCount=1, recommendedIndex=null
12:32:40.369 [main] INFO com.maintenance.consumer.PredictiveDispatchConsumer -- 派工方案已生成, workOrderId=74, planCount=1, recommendedIndex=null
12:32:40.369 [main] INFO com.maintenance.consumer.PredictiveDispatchConsumer -- 派工方案已生成, workOrderId=75, planCount=1, recommendedIndex=null
12:32:40.369 [main] INFO com.maintenance.consumer.PredictiveDispatchConsumer -- 派工方案已生成, workOrderId=76, planCount=1, recommendedIndex=null
12:32:40.370 [main] INFO com.maintenance.consumer.PredictiveDispatchConsumer -- 派工方案已生成, workOrderId=77, planCount=1, recommendedIndex=null
12:32:40.370 [main] INFO com.maintenance.consumer.PredictiveDispatchConsumer -- 派工方案已生成, workOrderId=78, planCount=1, recommendedIndex=null
12:32:40.370 [main] INFO com.maintenance.consumer.PredictiveDispatchConsumer -- 派工方案已生成, workOrderId=79, planCount=1, recommendedIndex=null
12:32:40.371 [main] INFO com.maintenance.consumer.PredictiveDispatchConsumer -- 派工方案已生成, workOrderId=80, planCount=1, recommendedIndex=null
12:32:40.371 [main] INFO com.maintenance.consumer.PredictiveDispatchConsumer -- 派工方案已生成, workOrderId=81, planCount=1, recommendedIndex=null
12:32:40.371 [main] INFO com.maintenance.consumer.PredictiveDispatchConsumer -- 派工方案已生成, workOrderId=82, planCount=1, recommendedIndex=null
12:32:40.372 [main] INFO com.maintenance.consumer.PredictiveDispatchConsumer -- 派工方案已生成, workOrderId=83, planCount=1, recommendedIndex=null
12:32:40.372 [main] INFO com.maintenance.consumer.PredictiveDispatchConsumer -- 派工方案已生成, workOrderId=84, planCount=1, recommendedIndex=null
12:32:40.372 [main] INFO com.maintenance.consumer.PredictiveDispatchConsumer -- 派工方案已生成, workOrderId=85, planCount=1, recommendedIndex=null
12:32:40.372 [main] INFO com.maintenance.consumer.PredictiveDispatchConsumer -- 派工方案已生成, workOrderId=86, planCount=1, recommendedIndex=null
12:32:40.373 [main] INFO com.maintenance.consumer.PredictiveDispatchConsumer -- 派工方案已生成, workOrderId=87, planCount=1, recommendedIndex=null
12:32:40.373 [main] INFO com.maintenance.consumer.PredictiveDispatchConsumer -- 派工方案已生成, workOrderId=88, planCount=1, recommendedIndex=null
12:32:40.374 [main] INFO com.maintenance.consumer.PredictiveDispatchConsumer -- 派工方案已生成, workOrderId=89, planCount=1, recommendedIndex=null
12:32:40.375 [main] INFO com.maintenance.consumer.PredictiveDispatchConsumer -- 派工方案已生成, workOrderId=90, planCount=1, recommendedIndex=null
12:32:40.375 [main] INFO com.maintenance.consumer.PredictiveDispatchConsumer -- 派工方案已生成, workOrderId=91, planCount=1, recommendedIndex=null
12:32:40.376 [main] INFO com.maintenance.consumer.PredictiveDispatchConsumer -- 派工方案已生成, workOrderId=92, planCount=1, recommendedIndex=null
12:32:40.377 [main] INFO com.maintenance.consumer.PredictiveDispatchConsumer -- 派工方案已生成, workOrderId=93, planCount=1, recommendedIndex=null
12:32:40.377 [main] INFO com.maintenance.consumer.PredictiveDispatchConsumer -- 派工方案已生成, workOrderId=94, planCount=1, recommendedIndex=null
12:32:40.378 [main] INFO com.maintenance.consumer.PredictiveDispatchConsumer -- 派工方案已生成, workOrderId=95, planCount=1, recommendedIndex=null
12:32:40.378 [main] INFO com.maintenance.consumer.PredictiveDispatchConsumer -- 派工方案已生成, workOrderId=96, planCount=1, recommendedIndex=null
12:32:40.378 [main] INFO com.maintenance.consumer.PredictiveDispatchConsumer -- 派工方案已生成, workOrderId=97, planCount=1, recommendedIndex=null
12:32:40.379 [main] INFO com.maintenance.consumer.PredictiveDispatchConsumer -- 派工方案已生成, workOrderId=98, planCount=1, recommendedIndex=null
12:32:40.379 [main] INFO com.maintenance.consumer.PredictiveDispatchConsumer -- 派工方案已生成, workOrderId=99, planCount=1, recommendedIndex=null
12:32:40.379 [main] INFO com.maintenance.consumer.PredictiveDispatchConsumer -- 派工方案已生成, workOrderId=100, planCount=1, recommendedIndex=null
12:32:40.379 [main] INFO com.maintenance.consumer.PredictiveDispatchConsumer -- 派工方案已生成, workOrderId=101, planCount=1, recommendedIndex=null
12:32:40.379 [main] INFO com.maintenance.consumer.PredictiveDispatchConsumer -- 派工方案已生成, workOrderId=102, planCount=1, recommendedIndex=null
12:32:40.380 [main] INFO com.maintenance.consumer.PredictiveDispatchConsumer -- 派工方案已生成, workOrderId=103, planCount=1, recommendedIndex=null
12:32:40.380 [main] INFO com.maintenance.consumer.PredictiveDispatchConsumer -- 派工方案已生成, workOrderId=104, planCount=1, recommendedIndex=null
12:32:40.381 [main] INFO com.maintenance.consumer.PredictiveDispatchConsumer -- 派工方案已生成, workOrderId=105, planCount=1, recommendedIndex=null
12:32:40.381 [main] INFO com.maintenance.consumer.PredictiveDispatchConsumer -- 派工方案已生成, workOrderId=106, planCount=1, recommendedIndex=null
12:32:40.381 [main] INFO com.maintenance.consumer.PredictiveDispatchConsumer -- 派工方案已生成, workOrderId=107, planCount=1, recommendedIndex=null
12:32:40.381 [main] INFO com.maintenance.consumer.PredictiveDispatchConsumer -- 派工方案已生成, workOrderId=108, planCount=1, recommendedIndex=null
12:32:40.382 [main] INFO com.maintenance.consumer.PredictiveDispatchConsumer -- 派工方案已生成, workOrderId=109, planCount=1, recommendedIndex=null
12:32:40.382 [main] INFO com.maintenance.consumer.PredictiveDispatchConsumer -- 派工方案已生成, workOrderId=110, planCount=1, recommendedIndex=null
12:32:40.382 [main] INFO com.maintenance.consumer.PredictiveDispatchConsumer -- 派工方案已生成, workOrderId=111, planCount=1, recommendedIndex=null
12:32:40.382 [main] INFO com.maintenance.consumer.PredictiveDispatchConsumer -- 派工方案已生成, workOrderId=112, planCount=1, recommendedIndex=null
12:32:40.382 [main] INFO com.maintenance.consumer.PredictiveDispatchConsumer -- 派工方案已生成, workOrderId=113, planCount=1, recommendedIndex=null
12:32:40.383 [main] INFO com.maintenance.consumer.PredictiveDispatchConsumer -- 派工方案已生成, workOrderId=114, planCount=1, recommendedIndex=null
12:32:40.383 [main] INFO com.maintenance.consumer.PredictiveDispatchConsumer -- 派工方案已生成, workOrderId=115, planCount=1, recommendedIndex=null
12:32:40.383 [main] INFO com.maintenance.consumer.PredictiveDispatchConsumer -- 派工方案已生成, workOrderId=116, planCount=1, recommendedIndex=null
12:32:40.383 [main] INFO com.maintenance.consumer.PredictiveDispatchConsumer -- 派工方案已生成, workOrderId=117, planCount=1, recommendedIndex=null
12:32:40.383 [main] INFO com.maintenance.consumer.PredictiveDispatchConsumer -- 派工方案已生成, workOrderId=118, planCount=1, recommendedIndex=null
12:32:40.383 [main] INFO com.maintenance.consumer.PredictiveDispatchConsumer -- 派工方案已生成, workOrderId=119, planCount=1, recommendedIndex=null
12:32:40.384 [main] INFO com.maintenance.consumer.PredictiveDispatchConsumer -- 派工方案已生成, workOrderId=120, planCount=1, recommendedIndex=null
12:32:40.384 [main] INFO com.maintenance.consumer.PredictiveDispatchConsumer -- 派工方案已生成, workOrderId=121, planCount=1, recommendedIndex=null
12:32:40.384 [main] INFO com.maintenance.consumer.PredictiveDispatchConsumer -- 派工方案已生成, workOrderId=122, planCount=1, recommendedIndex=null
12:32:40.384 [main] INFO com.maintenance.consumer.PredictiveDispatchConsumer -- 派工方案已生成, workOrderId=123, planCount=1, recommendedIndex=null
12:32:40.384 [main] INFO com.maintenance.consumer.PredictiveDispatchConsumer -- 派工方案已生成, workOrderId=124, planCount=1, recommendedIndex=null
12:32:40.384 [main] INFO com.maintenance.consumer.PredictiveDispatchConsumer -- 派工方案已生成, workOrderId=125, planCount=1, recommendedIndex=null
12:32:40.385 [main] INFO com.maintenance.consumer.PredictiveDispatchConsumer -- 派工方案已生成, workOrderId=126, planCount=1, recommendedIndex=null
12:32:40.385 [main] INFO com.maintenance.consumer.PredictiveDispatchConsumer -- 派工方案已生成, workOrderId=127, planCount=1, recommendedIndex=null
12:32:40.385 [main] INFO com.maintenance.consumer.PredictiveDispatchConsumer -- 派工方案已生成, workOrderId=128, planCount=1, recommendedIndex=null
12:32:40.385 [main] INFO com.maintenance.consumer.PredictiveDispatchConsumer -- 派工方案已生成, workOrderId=129, planCount=1, recommendedIndex=null
12:32:40.385 [main] INFO com.maintenance.consumer.PredictiveDispatchConsumer -- 派工方案已生成, workOrderId=130, planCount=1, recommendedIndex=null
12:32:40.385 [main] INFO com.maintenance.consumer.PredictiveDispatchConsumer -- 派工方案已生成, workOrderId=131, planCount=1, recommendedIndex=null
12:32:40.385 [main] INFO com.maintenance.consumer.PredictiveDispatchConsumer -- 派工方案已生成, workOrderId=132, planCount=1, recommendedIndex=null
12:32:40.386 [main] INFO com.maintenance.consumer.PredictiveDispatchConsumer -- 派工方案已生成, workOrderId=133, planCount=1, recommendedIndex=null
12:32:40.386 [main] INFO com.maintenance.consumer.PredictiveDispatchConsumer -- 派工方案已生成, workOrderId=134, planCount=1, recommendedIndex=null
12:32:40.386 [main] INFO com.maintenance.consumer.PredictiveDispatchConsumer -- 派工方案已生成, workOrderId=135, planCount=1, recommendedIndex=null
12:32:40.386 [main] INFO com.maintenance.consumer.PredictiveDispatchConsumer -- 派工方案已生成, workOrderId=136, planCount=1, recommendedIndex=null
12:32:40.386 [main] INFO com.maintenance.consumer.PredictiveDispatchConsumer -- 派工方案已生成, workOrderId=137, planCount=1, recommendedIndex=null
12:32:40.387 [main] INFO com.maintenance.consumer.PredictiveDispatchConsumer -- 派工方案已生成, workOrderId=138, planCount=1, recommendedIndex=null
12:32:40.388 [main] INFO com.maintenance.consumer.PredictiveDispatchConsumer -- 派工方案已生成, workOrderId=139, planCount=1, recommendedIndex=null
12:32:40.388 [main] INFO com.maintenance.consumer.PredictiveDispatchConsumer -- 派工方案已生成, workOrderId=140, planCount=1, recommendedIndex=null
12:32:40.388 [main] INFO com.maintenance.consumer.PredictiveDispatchConsumer -- 派工方案已生成, workOrderId=141, planCount=1, recommendedIndex=null
12:32:40.388 [main] INFO com.maintenance.consumer.PredictiveDispatchConsumer -- 派工方案已生成, workOrderId=142, planCount=1, recommendedIndex=null
12:32:40.389 [main] INFO com.maintenance.consumer.PredictiveDispatchConsumer -- 派工方案已生成, workOrderId=143, planCount=1, recommendedIndex=null
12:32:40.389 [main] INFO com.maintenance.consumer.PredictiveDispatchConsumer -- 派工方案已生成, workOrderId=144, planCount=1, recommendedIndex=null
12:32:40.389 [main] INFO com.maintenance.consumer.PredictiveDispatchConsumer -- 派工方案已生成, workOrderId=145, planCount=1, recommendedIndex=null
12:32:40.389 [main] INFO com.maintenance.consumer.PredictiveDispatchConsumer -- 派工方案已生成, workOrderId=146, planCount=1, recommendedIndex=null
12:32:40.389 [main] INFO com.maintenance.consumer.PredictiveDispatchConsumer -- 派工方案已生成, workOrderId=147, planCount=1, recommendedIndex=null
12:32:40.389 [main] INFO com.maintenance.consumer.PredictiveDispatchConsumer -- 派工方案已生成, workOrderId=148, planCount=1, recommendedIndex=null
12:32:40.390 [main] INFO com.maintenance.consumer.PredictiveDispatchConsumer -- 派工方案已生成, workOrderId=149, planCount=1, recommendedIndex=null
12:32:40.390 [main] INFO com.maintenance.consumer.PredictiveDispatchConsumer -- 派工方案已生成, workOrderId=150, planCount=1, recommendedIndex=null
12:32:40.390 [main] INFO com.maintenance.consumer.PredictiveDispatchConsumer -- 派工方案已生成, workOrderId=151, planCount=1, recommendedIndex=null
12:32:40.390 [main] INFO com.maintenance.consumer.PredictiveDispatchConsumer -- 派工方案已生成, workOrderId=152, planCount=1, recommendedIndex=null
12:32:40.390 [main] INFO com.maintenance.consumer.PredictiveDispatchConsumer -- 派工方案已生成, workOrderId=153, planCount=1, recommendedIndex=null
12:32:40.391 [main] INFO com.maintenance.consumer.PredictiveDispatchConsumer -- 派工方案已生成, workOrderId=154, planCount=1, recommendedIndex=null
12:32:40.391 [main] INFO com.maintenance.consumer.PredictiveDispatchConsumer -- 派工方案已生成, workOrderId=155, planCount=1, recommendedIndex=null
12:32:40.391 [main] INFO com.maintenance.consumer.PredictiveDispatchConsumer -- 派工方案已生成, workOrderId=156, planCount=1, recommendedIndex=null
12:32:40.391 [main] INFO com.maintenance.consumer.PredictiveDispatchConsumer -- 派工方案已生成, workOrderId=157, planCount=1, recommendedIndex=null
12:32:40.392 [main] INFO com.maintenance.consumer.PredictiveDispatchConsumer -- 派工方案已生成, workOrderId=158, planCount=1, recommendedIndex=null
12:32:40.392 [main] INFO com.maintenance.consumer.PredictiveDispatchConsumer -- 派工方案已生成, workOrderId=159, planCount=1, recommendedIndex=null
12:32:40.392 [main] INFO com.maintenance.consumer.PredictiveDispatchConsumer -- 派工方案已生成, workOrderId=160, planCount=1, recommendedIndex=null
12:32:40.392 [main] INFO com.maintenance.consumer.PredictiveDispatchConsumer -- 派工方案已生成, workOrderId=161, planCount=1, recommendedIndex=null
12:32:40.393 [main] INFO com.maintenance.consumer.PredictiveDispatchConsumer -- 派工方案已生成, workOrderId=162, planCount=1, recommendedIndex=null
12:32:40.393 [main] INFO com.maintenance.consumer.PredictiveDispatchConsumer -- 派工方案已生成, workOrderId=163, planCount=1, recommendedIndex=null
12:32:40.393 [main] INFO com.maintenance.consumer.PredictiveDispatchConsumer -- 派工方案已生成, workOrderId=164, planCount=1, recommendedIndex=null
12:32:40.393 [main] INFO com.maintenance.consumer.PredictiveDispatchConsumer -- 派工方案已生成, workOrderId=165, planCount=1, recommendedIndex=null
12:32:40.393 [main] INFO com.maintenance.consumer.PredictiveDispatchConsumer -- 派工方案已生成, workOrderId=166, planCount=1, recommendedIndex=null
12:32:40.393 [main] INFO com.maintenance.consumer.PredictiveDispatchConsumer -- 派工方案已生成, workOrderId=167, planCount=1, recommendedIndex=null
12:32:40.394 [main] INFO com.maintenance.consumer.PredictiveDispatchConsumer -- 派工方案已生成, workOrderId=168, planCount=1, recommendedIndex=null
12:32:40.394 [main] INFO com.maintenance.consumer.PredictiveDispatchConsumer -- 派工方案已生成, workOrderId=169, planCount=1, recommendedIndex=null
12:32:40.394 [main] INFO com.maintenance.consumer.PredictiveDispatchConsumer -- 派工方案已生成, workOrderId=170, planCount=1, recommendedIndex=null
12:32:40.394 [main] INFO com.maintenance.consumer.PredictiveDispatchConsumer -- 派工方案已生成, workOrderId=171, planCount=1, recommendedIndex=null
12:32:40.394 [main] INFO com.maintenance.consumer.PredictiveDispatchConsumer -- 派工方案已生成, workOrderId=172, planCount=1, recommendedIndex=null
12:32:40.395 [main] INFO com.maintenance.consumer.PredictiveDispatchConsumer -- 派工方案已生成, workOrderId=173, planCount=1, recommendedIndex=null
12:32:40.395 [main] INFO com.maintenance.consumer.PredictiveDispatchConsumer -- 派工方案已生成, workOrderId=174, planCount=1, recommendedIndex=null
12:32:40.395 [main] INFO com.maintenance.consumer.PredictiveDispatchConsumer -- 派工方案已生成, workOrderId=175, planCount=1, recommendedIndex=null
12:32:40.395 [main] INFO com.maintenance.consumer.PredictiveDispatchConsumer -- 派工方案已生成, workOrderId=176, planCount=1, recommendedIndex=null
12:32:40.395 [main] INFO com.maintenance.consumer.PredictiveDispatchConsumer -- 派工方案已生成, workOrderId=177, planCount=1, recommendedIndex=null
12:32:40.397 [main] INFO com.maintenance.consumer.PredictiveDispatchConsumer -- 派工方案已生成, workOrderId=178, planCount=1, recommendedIndex=null
12:32:40.397 [main] INFO com.maintenance.consumer.PredictiveDispatchConsumer -- 派工方案已生成, workOrderId=179, planCount=1, recommendedIndex=null
12:32:40.398 [main] INFO com.maintenance.consumer.PredictiveDispatchConsumer -- 派工方案已生成, workOrderId=180, planCount=1, recommendedIndex=null
12:32:40.398 [main] INFO com.maintenance.consumer.PredictiveDispatchConsumer -- 派工方案已生成, workOrderId=181, planCount=1, recommendedIndex=null
12:32:40.398 [main] INFO com.maintenance.consumer.PredictiveDispatchConsumer -- 派工方案已生成, workOrderId=182, planCount=1, recommendedIndex=null
12:32:40.398 [main] INFO com.maintenance.consumer.PredictiveDispatchConsumer -- 派工方案已生成, workOrderId=183, planCount=1, recommendedIndex=null
12:32:40.398 [main] INFO com.maintenance.consumer.PredictiveDispatchConsumer -- 派工方案已生成, workOrderId=184, planCount=1, recommendedIndex=null
12:32:40.398 [main] INFO com.maintenance.consumer.PredictiveDispatchConsumer -- 派工方案已生成, workOrderId=185, planCount=1, recommendedIndex=null
12:32:40.399 [main] INFO com.maintenance.consumer.PredictiveDispatchConsumer -- 派工方案已生成, workOrderId=186, planCount=1, recommendedIndex=null
12:32:40.399 [main] INFO com.maintenance.consumer.PredictiveDispatchConsumer -- 派工方案已生成, workOrderId=187, planCount=1, recommendedIndex=null
12:32:40.399 [main] INFO com.maintenance.consumer.PredictiveDispatchConsumer -- 派工方案已生成, workOrderId=188, planCount=1, recommendedIndex=null
12:32:40.399 [main] INFO com.maintenance.consumer.PredictiveDispatchConsumer -- 派工方案已生成, workOrderId=189, planCount=1, recommendedIndex=null
12:32:40.399 [main] INFO com.maintenance.consumer.PredictiveDispatchConsumer -- 派工方案已生成, workOrderId=190, planCount=1, recommendedIndex=null
12:32:40.399 [main] INFO com.maintenance.consumer.PredictiveDispatchConsumer -- 派工方案已生成, workOrderId=191, planCount=1, recommendedIndex=null
12:32:40.400 [main] INFO com.maintenance.consumer.PredictiveDispatchConsumer -- 派工方案已生成, workOrderId=192, planCount=1, recommendedIndex=null
12:32:40.400 [main] INFO com.maintenance.consumer.PredictiveDispatchConsumer -- 派工方案已生成, workOrderId=193, planCount=1, recommendedIndex=null
12:32:40.400 [main] INFO com.maintenance.consumer.PredictiveDispatchConsumer -- 派工方案已生成, workOrderId=194, planCount=1, recommendedIndex=null
12:32:40.400 [main] INFO com.maintenance.consumer.PredictiveDispatchConsumer -- 派工方案已生成, workOrderId=195, planCount=1, recommendedIndex=null
12:32:40.400 [main] INFO com.maintenance.consumer.PredictiveDispatchConsumer -- 派工方案已生成, workOrderId=196, planCount=1, recommendedIndex=null
12:32:40.400 [main] INFO com.maintenance.consumer.PredictiveDispatchConsumer -- 派工方案已生成, workOrderId=197, planCount=1, recommendedIndex=null
12:32:40.400 [main] INFO com.maintenance.consumer.PredictiveDispatchConsumer -- 派工方案已生成, workOrderId=198, planCount=1, recommendedIndex=null
12:32:40.400 [main] INFO com.maintenance.consumer.PredictiveDispatchConsumer -- 派工方案已生成, workOrderId=199, planCount=1, recommendedIndex=null
12:32:40.401 [main] INFO com.maintenance.consumer.PredictiveDispatchConsumer -- 派工方案已生成, workOrderId=200, planCount=1, recommendedIndex=null
12:32:40.401 [main] INFO com.maintenance.consumer.PredictiveDispatchConsumer -- 派工方案已生成, workOrderId=201, planCount=1, recommendedIndex=null
12:32:40.401 [main] INFO com.maintenance.consumer.PredictiveDispatchConsumer -- 派工方案已生成, workOrderId=202, planCount=1, recommendedIndex=null
12:32:40.401 [main] INFO com.maintenance.consumer.PredictiveDispatchConsumer -- 派工方案已生成, workOrderId=203, planCount=1, recommendedIndex=null
12:32:40.401 [main] INFO com.maintenance.consumer.PredictiveDispatchConsumer -- 派工方案已生成, workOrderId=204, planCount=1, recommendedIndex=null
12:32:40.401 [main] INFO com.maintenance.consumer.PredictiveDispatchConsumer -- 派工方案已生成, workOrderId=205, planCount=1, recommendedIndex=null
12:32:40.402 [main] INFO com.maintenance.consumer.PredictiveDispatchConsumer -- 派工方案已生成, workOrderId=206, planCount=1, recommendedIndex=null
12:32:40.402 [main] INFO com.maintenance.consumer.PredictiveDispatchConsumer -- 派工方案已生成, workOrderId=207, planCount=1, recommendedIndex=null
12:32:40.402 [main] INFO com.maintenance.consumer.PredictiveDispatchConsumer -- 派工方案已生成, workOrderId=208, planCount=1, recommendedIndex=null
12:32:40.402 [main] INFO com.maintenance.consumer.PredictiveDispatchConsumer -- 派工方案已生成, workOrderId=209, planCount=1, recommendedIndex=null
12:32:40.402 [main] INFO com.maintenance.consumer.PredictiveDispatchConsumer -- 派工方案已生成, workOrderId=210, planCount=1, recommendedIndex=null
12:32:40.403 [main] INFO com.maintenance.consumer.PredictiveDispatchConsumer -- 派工方案已生成, workOrderId=211, planCount=1, recommendedIndex=null
12:32:40.404 [main] INFO com.maintenance.consumer.PredictiveDispatchConsumer -- 派工方案已生成, workOrderId=212, planCount=1, recommendedIndex=null
12:32:40.404 [main] INFO com.maintenance.consumer.PredictiveDispatchConsumer -- 派工方案已生成, workOrderId=213, planCount=1, recommendedIndex=null
12:32:40.405 [main] INFO com.maintenance.consumer.PredictiveDispatchConsumer -- 派工方案已生成, workOrderId=214, planCount=1, recommendedIndex=null
12:32:40.405 [main] INFO com.maintenance.consumer.PredictiveDispatchConsumer -- 派工方案已生成, workOrderId=215, planCount=1, recommendedIndex=null
12:32:40.406 [main] INFO com.maintenance.consumer.PredictiveDispatchConsumer -- 派工方案已生成, workOrderId=216, planCount=1, recommendedIndex=null
12:32:40.406 [main] INFO com.maintenance.consumer.PredictiveDispatchConsumer -- 派工方案已生成, workOrderId=217, planCount=1, recommendedIndex=null
12:32:40.407 [main] INFO com.maintenance.consumer.PredictiveDispatchConsumer -- 派工方案已生成, workOrderId=218, planCount=1, recommendedIndex=null
12:32:40.408 [main] INFO com.maintenance.consumer.PredictiveDispatchConsumer -- 派工方案已生成, workOrderId=219, planCount=1, recommendedIndex=null
12:32:40.408 [main] INFO com.maintenance.consumer.PredictiveDispatchConsumer -- 派工方案已生成, workOrderId=220, planCount=1, recommendedIndex=null
12:32:40.408 [main] INFO com.maintenance.consumer.PredictiveDispatchConsumer -- 派工方案已生成, workOrderId=221, planCount=1, recommendedIndex=null
12:32:40.409 [main] INFO com.maintenance.consumer.PredictiveDispatchConsumer -- 派工方案已生成, workOrderId=222, planCount=1, recommendedIndex=null
12:32:40.409 [main] INFO com.maintenance.consumer.PredictiveDispatchConsumer -- 派工方案已生成, workOrderId=223, planCount=1, recommendedIndex=null
12:32:40.409 [main] INFO com.maintenance.consumer.PredictiveDispatchConsumer -- 派工方案已生成, workOrderId=224, planCount=1, recommendedIndex=null
12:32:40.409 [main] INFO com.maintenance.consumer.PredictiveDispatchConsumer -- 派工方案已生成, workOrderId=225, planCount=1, recommendedIndex=null
12:32:40.409 [main] INFO com.maintenance.consumer.PredictiveDispatchConsumer -- 派工方案已生成, workOrderId=226, planCount=1, recommendedIndex=null
12:32:40.409 [main] INFO com.maintenance.consumer.PredictiveDispatchConsumer -- 派工方案已生成, workOrderId=227, planCount=1, recommendedIndex=null
12:32:40.410 [main] INFO com.maintenance.consumer.PredictiveDispatchConsumer -- 派工方案已生成, workOrderId=228, planCount=1, recommendedIndex=null
12:32:40.410 [main] INFO com.maintenance.consumer.PredictiveDispatchConsumer -- 派工方案已生成, workOrderId=229, planCount=1, recommendedIndex=null
12:32:40.410 [main] INFO com.maintenance.consumer.PredictiveDispatchConsumer -- 派工方案已生成, workOrderId=230, planCount=1, recommendedIndex=null
12:32:40.410 [main] INFO com.maintenance.consumer.PredictiveDispatchConsumer -- 派工方案已生成, workOrderId=231, planCount=1, recommendedIndex=null
12:32:40.410 [main] INFO com.maintenance.consumer.PredictiveDispatchConsumer -- 派工方案已生成, workOrderId=232, planCount=1, recommendedIndex=null
12:32:40.410 [main] INFO com.maintenance.consumer.PredictiveDispatchConsumer -- 派工方案已生成, workOrderId=233, planCount=1, recommendedIndex=null
12:32:40.411 [main] INFO com.maintenance.consumer.PredictiveDispatchConsumer -- 派工方案已生成, workOrderId=234, planCount=1, recommendedIndex=null
12:32:40.411 [main] INFO com.maintenance.consumer.PredictiveDispatchConsumer -- 派工方案已生成, workOrderId=235, planCount=1, recommendedIndex=null
12:32:40.411 [main] INFO com.maintenance.consumer.PredictiveDispatchConsumer -- 派工方案已生成, workOrderId=236, planCount=1, recommendedIndex=null
12:32:40.411 [main] INFO com.maintenance.consumer.PredictiveDispatchConsumer -- 派工方案已生成, workOrderId=237, planCount=1, recommendedIndex=null
12:32:40.411 [main] INFO com.maintenance.consumer.PredictiveDispatchConsumer -- 派工方案已生成, workOrderId=238, planCount=1, recommendedIndex=null
12:32:40.411 [main] INFO com.maintenance.consumer.PredictiveDispatchConsumer -- 派工方案已生成, workOrderId=239, planCount=1, recommendedIndex=null
12:32:40.412 [main] INFO com.maintenance.consumer.PredictiveDispatchConsumer -- 派工方案已生成, workOrderId=240, planCount=1, recommendedIndex=null
12:32:40.412 [main] INFO com.maintenance.consumer.PredictiveDispatchConsumer -- 派工方案已生成, workOrderId=241, planCount=1, recommendedIndex=null
12:32:40.412 [main] INFO com.maintenance.consumer.PredictiveDispatchConsumer -- 派工方案已生成, workOrderId=242, planCount=1, recommendedIndex=null
12:32:40.412 [main] INFO com.maintenance.consumer.PredictiveDispatchConsumer -- 派工方案已生成, workOrderId=243, planCount=1, recommendedIndex=null
12:32:40.412 [main] INFO com.maintenance.consumer.PredictiveDispatchConsumer -- 派工方案已生成, workOrderId=244, planCount=1, recommendedIndex=null
12:32:40.412 [main] INFO com.maintenance.consumer.PredictiveDispatchConsumer -- 派工方案已生成, workOrderId=245, planCount=1, recommendedIndex=null
12:32:40.412 [main] INFO com.maintenance.consumer.PredictiveDispatchConsumer -- 派工方案已生成, workOrderId=246, planCount=1, recommendedIndex=null
12:32:40.413 [main] INFO com.maintenance.consumer.PredictiveDispatchConsumer -- 派工方案已生成, workOrderId=247, planCount=1, recommendedIndex=null
12:32:40.413 [main] INFO com.maintenance.consumer.PredictiveDispatchConsumer -- 派工方案已生成, workOrderId=248, planCount=1, recommendedIndex=null
12:32:40.413 [main] INFO com.maintenance.consumer.PredictiveDispatchConsumer -- 派工方案已生成, workOrderId=249, planCount=1, recommendedIndex=null
12:32:40.413 [main] INFO com.maintenance.consumer.PredictiveDispatchConsumer -- 派工方案已生成, workOrderId=250, planCount=1, recommendedIndex=null
12:32:40.413 [main] INFO com.maintenance.consumer.PredictiveDispatchConsumer -- 派工方案已生成, workOrderId=251, planCount=1, recommendedIndex=null
12:32:40.414 [main] INFO com.maintenance.consumer.PredictiveDispatchConsumer -- 派工方案已生成, workOrderId=252, planCount=1, recommendedIndex=null
12:32:40.415 [main] INFO com.maintenance.consumer.PredictiveDispatchConsumer -- 派工方案已生成, workOrderId=253, planCount=1, recommendedIndex=null
12:32:40.416 [main] INFO com.maintenance.consumer.PredictiveDispatchConsumer -- 派工方案已生成, workOrderId=254, planCount=1, recommendedIndex=null
12:32:40.417 [main] INFO com.maintenance.consumer.PredictiveDispatchConsumer -- 派工方案已生成, workOrderId=255, planCount=1, recommendedIndex=null
12:32:40.417 [main] INFO com.maintenance.consumer.PredictiveDispatchConsumer -- 派工方案已生成, workOrderId=256, planCount=1, recommendedIndex=null
12:32:40.417 [main] INFO com.maintenance.consumer.PredictiveDispatchConsumer -- 派工方案已生成, workOrderId=257, planCount=1, recommendedIndex=null
12:32:40.417 [main] INFO com.maintenance.consumer.PredictiveDispatchConsumer -- 派工方案已生成, workOrderId=258, planCount=1, recommendedIndex=null
12:32:40.417 [main] INFO com.maintenance.consumer.PredictiveDispatchConsumer -- 派工方案已生成, workOrderId=259, planCount=1, recommendedIndex=null
12:32:40.417 [main] INFO com.maintenance.consumer.PredictiveDispatchConsumer -- 派工方案已生成, workOrderId=260, planCount=1, recommendedIndex=null
12:32:40.418 [main] INFO com.maintenance.consumer.PredictiveDispatchConsumer -- 派工方案已生成, workOrderId=261, planCount=1, recommendedIndex=null
12:32:40.418 [main] INFO com.maintenance.consumer.PredictiveDispatchConsumer -- 派工方案已生成, workOrderId=262, planCount=1, recommendedIndex=null
12:32:40.418 [main] INFO com.maintenance.consumer.PredictiveDispatchConsumer -- 派工方案已生成, workOrderId=263, planCount=1, recommendedIndex=null
12:32:40.418 [main] INFO com.maintenance.consumer.PredictiveDispatchConsumer -- 派工方案已生成, workOrderId=264, planCount=1, recommendedIndex=null
12:32:40.418 [main] INFO com.maintenance.consumer.PredictiveDispatchConsumer -- 派工方案已生成, workOrderId=265, planCount=1, recommendedIndex=null
12:32:40.418 [main] INFO com.maintenance.consumer.PredictiveDispatchConsumer -- 派工方案已生成, workOrderId=266, planCount=1, recommendedIndex=null
12:32:40.418 [main] INFO com.maintenance.consumer.PredictiveDispatchConsumer -- 派工方案已生成, workOrderId=267, planCount=1, recommendedIndex=null
12:32:40.418 [main] INFO com.maintenance.consumer.PredictiveDispatchConsumer -- 派工方案已生成, workOrderId=268, planCount=1, recommendedIndex=null
12:32:40.419 [main] INFO com.maintenance.consumer.PredictiveDispatchConsumer -- 派工方案已生成, workOrderId=269, planCount=1, recommendedIndex=null
12:32:40.419 [main] INFO com.maintenance.consumer.PredictiveDispatchConsumer -- 派工方案已生成, workOrderId=270, planCount=1, recommendedIndex=null
12:32:40.419 [main] INFO com.maintenance.consumer.PredictiveDispatchConsumer -- 派工方案已生成, workOrderId=271, planCount=1, recommendedIndex=null
12:32:40.419 [main] INFO com.maintenance.consumer.PredictiveDispatchConsumer -- 派工方案已生成, workOrderId=272, planCount=1, recommendedIndex=null
12:32:40.419 [main] INFO com.maintenance.consumer.PredictiveDispatchConsumer -- 派工方案已生成, workOrderId=273, planCount=1, recommendedIndex=null
12:32:40.419 [main] INFO com.maintenance.consumer.PredictiveDispatchConsumer -- 派工方案已生成, workOrderId=274, planCount=1, recommendedIndex=null
12:32:40.419 [main] INFO com.maintenance.consumer.PredictiveDispatchConsumer -- 派工方案已生成, workOrderId=275, planCount=1, recommendedIndex=null
12:32:40.420 [main] INFO com.maintenance.consumer.PredictiveDispatchConsumer -- 派工方案已生成, workOrderId=276, planCount=1, recommendedIndex=null
12:32:40.420 [main] INFO com.maintenance.consumer.PredictiveDispatchConsumer -- 派工方案已生成, workOrderId=277, planCount=1, recommendedIndex=null
12:32:40.420 [main] INFO com.maintenance.consumer.PredictiveDispatchConsumer -- 派工方案已生成, workOrderId=278, planCount=1, recommendedIndex=null
12:32:40.420 [main] INFO com.maintenance.consumer.PredictiveDispatchConsumer -- 派工方案已生成, workOrderId=279, planCount=1, recommendedIndex=null
12:32:40.420 [main] INFO com.maintenance.consumer.PredictiveDispatchConsumer -- 派工方案已生成, workOrderId=280, planCount=1, recommendedIndex=null
12:32:40.420 [main] INFO com.maintenance.consumer.PredictiveDispatchConsumer -- 派工方案已生成, workOrderId=281, planCount=1, recommendedIndex=null
12:32:40.420 [main] INFO com.maintenance.consumer.PredictiveDispatchConsumer -- 派工方案已生成, workOrderId=282, planCount=1, recommendedIndex=null
12:32:40.421 [main] INFO com.maintenance.consumer.PredictiveDispatchConsumer -- 派工方案已生成, workOrderId=283, planCount=1, recommendedIndex=null
12:32:40.421 [main] INFO com.maintenance.consumer.PredictiveDispatchConsumer -- 派工方案已生成, workOrderId=284, planCount=1, recommendedIndex=null
12:32:40.422 [main] INFO com.maintenance.consumer.PredictiveDispatchConsumer -- 派工方案已生成, workOrderId=285, planCount=1, recommendedIndex=null
12:32:40.422 [main] INFO com.maintenance.consumer.PredictiveDispatchConsumer -- 派工方案已生成, workOrderId=286, planCount=1, recommendedIndex=null
12:32:40.423 [main] INFO com.maintenance.consumer.PredictiveDispatchConsumer -- 派工方案已生成, workOrderId=287, planCount=1, recommendedIndex=null
12:32:40.423 [main] INFO com.maintenance.consumer.PredictiveDispatchConsumer -- 派工方案已生成, workOrderId=288, planCount=1, recommendedIndex=null
12:32:40.423 [main] INFO com.maintenance.consumer.PredictiveDispatchConsumer -- 派工方案已生成, workOrderId=289, planCount=1, recommendedIndex=null
12:32:40.424 [main] INFO com.maintenance.consumer.PredictiveDispatchConsumer -- 派工方案已生成, workOrderId=290, planCount=1, recommendedIndex=null
12:32:40.425 [main] INFO com.maintenance.consumer.PredictiveDispatchConsumer -- 派工方案已生成, workOrderId=291, planCount=1, recommendedIndex=null
12:32:40.425 [main] INFO com.maintenance.consumer.PredictiveDispatchConsumer -- 派工方案已生成, workOrderId=292, planCount=1, recommendedIndex=null
12:32:40.425 [main] INFO com.maintenance.consumer.PredictiveDispatchConsumer -- 派工方案已生成, workOrderId=293, planCount=1, recommendedIndex=null
12:32:40.426 [main] INFO com.maintenance.consumer.PredictiveDispatchConsumer -- 派工方案已生成, workOrderId=294, planCount=1, recommendedIndex=null
12:32:40.426 [main] INFO com.maintenance.consumer.PredictiveDispatchConsumer -- 派工方案已生成, workOrderId=295, planCount=1, recommendedIndex=null
12:32:40.426 [main] INFO com.maintenance.consumer.PredictiveDispatchConsumer -- 派工方案已生成, workOrderId=296, planCount=1, recommendedIndex=null
12:32:40.426 [main] INFO com.maintenance.consumer.PredictiveDispatchConsumer -- 派工方案已生成, workOrderId=297, planCount=1, recommendedIndex=null
12:32:40.426 [main] INFO com.maintenance.consumer.PredictiveDispatchConsumer -- 派工方案已生成, workOrderId=298, planCount=1, recommendedIndex=null
12:32:40.426 [main] INFO com.maintenance.consumer.PredictiveDispatchConsumer -- 派工方案已生成, workOrderId=299, planCount=1, recommendedIndex=null
12:32:40.427 [main] INFO com.maintenance.consumer.PredictiveDispatchConsumer -- 派工方案已生成, workOrderId=300, planCount=1, recommendedIndex=null
12:32:40.427 [main] INFO com.maintenance.consumer.PredictiveDispatchConsumer -- 派工方案已生成, workOrderId=301, planCount=1, recommendedIndex=null
12:32:40.427 [main] INFO com.maintenance.consumer.PredictiveDispatchConsumer -- 派工方案已生成, workOrderId=302, planCount=1, recommendedIndex=null
12:32:40.427 [main] INFO com.maintenance.consumer.PredictiveDispatchConsumer -- 派工方案已生成, workOrderId=303, planCount=1, recommendedIndex=null
12:32:40.427 [main] INFO com.maintenance.consumer.PredictiveDispatchConsumer -- 派工方案已生成, workOrderId=304, planCount=1, recommendedIndex=null
12:32:40.427 [main] INFO com.maintenance.consumer.PredictiveDispatchConsumer -- 派工方案已生成, workOrderId=305, planCount=1, recommendedIndex=null
12:32:40.427 [main] INFO com.maintenance.consumer.PredictiveDispatchConsumer -- 派工方案已生成, workOrderId=306, planCount=1, recommendedIndex=null
12:32:40.428 [main] INFO com.maintenance.consumer.PredictiveDispatchConsumer -- 派工方案已生成, workOrderId=307, planCount=1, recommendedIndex=null
12:32:40.428 [main] INFO com.maintenance.consumer.PredictiveDispatchConsumer -- 派工方案已生成, workOrderId=308, planCount=1, recommendedIndex=null
12:32:40.428 [main] INFO com.maintenance.consumer.PredictiveDispatchConsumer -- 派工方案已生成, workOrderId=309, planCount=1, recommendedIndex=null
12:32:40.428 [main] INFO com.maintenance.consumer.PredictiveDispatchConsumer -- 派工方案已生成, workOrderId=310, planCount=1, recommendedIndex=null
12:32:40.428 [main] INFO com.maintenance.consumer.PredictiveDispatchConsumer -- 派工方案已生成, workOrderId=311, planCount=1, recommendedIndex=null
12:32:40.428 [main] INFO com.maintenance.consumer.PredictiveDispatchConsumer -- 派工方案已生成, workOrderId=312, planCount=1, recommendedIndex=null
12:32:40.428 [main] INFO com.maintenance.consumer.PredictiveDispatchConsumer -- 派工方案已生成, workOrderId=313, planCount=1, recommendedIndex=null
12:32:40.429 [main] INFO com.maintenance.consumer.PredictiveDispatchConsumer -- 派工方案已生成, workOrderId=314, planCount=1, recommendedIndex=null
12:32:40.430 [main] INFO com.maintenance.consumer.PredictiveDispatchConsumer -- 派工方案已生成, workOrderId=315, planCount=1, recommendedIndex=null
12:32:40.431 [main] INFO com.maintenance.consumer.PredictiveDispatchConsumer -- 派工方案已生成, workOrderId=316, planCount=1, recommendedIndex=null
12:32:40.432 [main] INFO com.maintenance.consumer.PredictiveDispatchConsumer -- 派工方案已生成, workOrderId=317, planCount=1, recommendedIndex=null
12:32:40.432 [main] INFO com.maintenance.consumer.PredictiveDispatchConsumer -- 派工方案已生成, workOrderId=318, planCount=1, recommendedIndex=null
12:32:40.432 [main] INFO com.maintenance.consumer.PredictiveDispatchConsumer -- 派工方案已生成, workOrderId=319, planCount=1, recommendedIndex=null
12:32:40.432 [main] INFO com.maintenance.consumer.PredictiveDispatchConsumer -- 派工方案已生成, workOrderId=320, planCount=1, recommendedIndex=null
12:32:40.432 [main] INFO com.maintenance.consumer.PredictiveDispatchConsumer -- 派工方案已生成, workOrderId=321, planCount=1, recommendedIndex=null
12:32:40.432 [main] INFO com.maintenance.consumer.PredictiveDispatchConsumer -- 派工方案已生成, workOrderId=322, planCount=1, recommendedIndex=null
12:32:40.432 [main] INFO com.maintenance.consumer.PredictiveDispatchConsumer -- 派工方案已生成, workOrderId=323, planCount=1, recommendedIndex=null
12:32:40.433 [main] INFO com.maintenance.consumer.PredictiveDispatchConsumer -- 派工方案已生成, workOrderId=324, planCount=1, recommendedIndex=null
12:32:40.433 [main] INFO com.maintenance.consumer.PredictiveDispatchConsumer -- 派工方案已生成, workOrderId=325, planCount=1, recommendedIndex=null
12:32:40.433 [main] INFO com.maintenance.consumer.PredictiveDispatchConsumer -- 派工方案已生成, workOrderId=326, planCount=1, recommendedIndex=null
12:32:40.433 [main] INFO com.maintenance.consumer.PredictiveDispatchConsumer -- 派工方案已生成, workOrderId=327, planCount=1, recommendedIndex=null
12:32:40.433 [main] INFO com.maintenance.consumer.PredictiveDispatchConsumer -- 派工方案已生成, workOrderId=328, planCount=1, recommendedIndex=null
12:32:40.433 [main] INFO com.maintenance.consumer.PredictiveDispatchConsumer -- 派工方案已生成, workOrderId=329, planCount=1, recommendedIndex=null
12:32:40.434 [main] INFO com.maintenance.consumer.PredictiveDispatchConsumer -- 派工方案已生成, workOrderId=330, planCount=1, recommendedIndex=null
12:32:40.434 [main] INFO com.maintenance.consumer.PredictiveDispatchConsumer -- 派工方案已生成, workOrderId=331, planCount=1, recommendedIndex=null
12:32:40.434 [main] INFO com.maintenance.consumer.PredictiveDispatchConsumer -- 派工方案已生成, workOrderId=332, planCount=1, recommendedIndex=null
12:32:40.434 [main] INFO com.maintenance.consumer.PredictiveDispatchConsumer -- 派工方案已生成, workOrderId=333, planCount=1, recommendedIndex=null
12:32:40.434 [main] INFO com.maintenance.consumer.PredictiveDispatchConsumer -- 派工方案已生成, workOrderId=334, planCount=1, recommendedIndex=null
12:32:40.434 [main] INFO com.maintenance.consumer.PredictiveDispatchConsumer -- 派工方案已生成, workOrderId=335, planCount=1, recommendedIndex=null
12:32:40.434 [main] INFO com.maintenance.consumer.PredictiveDispatchConsumer -- 派工方案已生成, workOrderId=336, planCount=1, recommendedIndex=null
12:32:40.434 [main] INFO com.maintenance.consumer.PredictiveDispatchConsumer -- 派工方案已生成, workOrderId=337, planCount=1, recommendedIndex=null
12:32:40.434 [main] INFO com.maintenance.consumer.PredictiveDispatchConsumer -- 派工方案已生成, workOrderId=338, planCount=1, recommendedIndex=null
12:32:40.434 [main] INFO com.maintenance.consumer.PredictiveDispatchConsumer -- 派工方案已生成, workOrderId=339, planCount=1, recommendedIndex=null
12:32:40.435 [main] INFO com.maintenance.consumer.PredictiveDispatchConsumer -- 派工方案已生成, workOrderId=340, planCount=1, recommendedIndex=null
12:32:40.435 [main] INFO com.maintenance.consumer.PredictiveDispatchConsumer -- 派工方案已生成, workOrderId=341, planCount=1, recommendedIndex=null
12:32:40.435 [main] INFO com.maintenance.consumer.PredictiveDispatchConsumer -- 派工方案已生成, workOrderId=342, planCount=1, recommendedIndex=null
12:32:40.435 [main] INFO com.maintenance.consumer.PredictiveDispatchConsumer -- 派工方案已生成, workOrderId=343, planCount=1, recommendedIndex=null
12:32:40.435 [main] INFO com.maintenance.consumer.PredictiveDispatchConsumer -- 派工方案已生成, workOrderId=344, planCount=1, recommendedIndex=null
12:32:40.435 [main] INFO com.maintenance.consumer.PredictiveDispatchConsumer -- 派工方案已生成, workOrderId=345, planCount=1, recommendedIndex=null
12:32:40.435 [main] INFO com.maintenance.consumer.PredictiveDispatchConsumer -- 派工方案已生成, workOrderId=346, planCount=1, recommendedIndex=null
12:32:40.435 [main] INFO com.maintenance.consumer.PredictiveDispatchConsumer -- 派工方案已生成, workOrderId=347, planCount=1, recommendedIndex=null
12:32:40.435 [main] INFO com.maintenance.consumer.PredictiveDispatchConsumer -- 派工方案已生成, workOrderId=348, planCount=1, recommendedIndex=null
12:32:40.436 [main] INFO com.maintenance.consumer.PredictiveDispatchConsumer -- 派工方案已生成, workOrderId=349, planCount=1, recommendedIndex=null
12:32:40.436 [main] INFO com.maintenance.consumer.PredictiveDispatchConsumer -- 派工方案已生成, workOrderId=350, planCount=1, recommendedIndex=null
12:32:40.436 [main] INFO com.maintenance.consumer.PredictiveDispatchConsumer -- 派工方案已生成, workOrderId=351, planCount=1, recommendedIndex=null
12:32:40.436 [main] INFO com.maintenance.consumer.PredictiveDispatchConsumer -- 派工方案已生成, workOrderId=352, planCount=1, recommendedIndex=null
12:32:40.437 [main] INFO com.maintenance.consumer.PredictiveDispatchConsumer -- 派工方案已生成, workOrderId=353, planCount=1, recommendedIndex=null
12:32:40.438 [main] INFO com.maintenance.consumer.PredictiveDispatchConsumer -- 派工方案已生成, workOrderId=354, planCount=1, recommendedIndex=null
12:32:40.438 [main] INFO com.maintenance.consumer.PredictiveDispatchConsumer -- 派工方案已生成, workOrderId=355, planCount=1, recommendedIndex=null
12:32:40.438 [main] INFO com.maintenance.consumer.PredictiveDispatchConsumer -- 派工方案已生成, workOrderId=356, planCount=1, recommendedIndex=null
12:32:40.438 [main] INFO com.maintenance.consumer.PredictiveDispatchConsumer -- 派工方案已生成, workOrderId=357, planCount=1, recommendedIndex=null
12:32:40.439 [main] INFO com.maintenance.consumer.PredictiveDispatchConsumer -- 派工方案已生成, workOrderId=358, planCount=1, recommendedIndex=null
12:32:40.439 [main] INFO com.maintenance.consumer.PredictiveDispatchConsumer -- 派工方案已生成, workOrderId=359, planCount=1, recommendedIndex=null
12:32:40.439 [main] INFO com.maintenance.consumer.PredictiveDispatchConsumer -- 派工方案已生成, workOrderId=360, planCount=1, recommendedIndex=null
12:32:40.439 [main] INFO com.maintenance.consumer.PredictiveDispatchConsumer -- 派工方案已生成, workOrderId=361, planCount=1, recommendedIndex=null
12:32:40.440 [main] INFO com.maintenance.consumer.PredictiveDispatchConsumer -- 派工方案已生成, workOrderId=362, planCount=1, recommendedIndex=null
12:32:40.440 [main] INFO com.maintenance.consumer.PredictiveDispatchConsumer -- 派工方案已生成, workOrderId=363, planCount=1, recommendedIndex=null
12:32:40.440 [main] INFO com.maintenance.consumer.PredictiveDispatchConsumer -- 派工方案已生成, workOrderId=364, planCount=1, recommendedIndex=null
12:32:40.440 [main] INFO com.maintenance.consumer.PredictiveDispatchConsumer -- 派工方案已生成, workOrderId=365, planCount=1, recommendedIndex=null
12:32:40.440 [main] INFO com.maintenance.consumer.PredictiveDispatchConsumer -- 派工方案已生成, workOrderId=366, planCount=1, recommendedIndex=null
12:32:40.440 [main] INFO com.maintenance.consumer.PredictiveDispatchConsumer -- 派工方案已生成, workOrderId=367, planCount=1, recommendedIndex=null
12:32:40.440 [main] INFO com.maintenance.consumer.PredictiveDispatchConsumer -- 派工方案已生成, workOrderId=368, planCount=1, recommendedIndex=null
12:32:40.441 [main] INFO com.maintenance.consumer.PredictiveDispatchConsumer -- 派工方案已生成, workOrderId=369, planCount=1, recommendedIndex=null
12:32:40.443 [main] INFO com.maintenance.consumer.PredictiveDispatchConsumer -- 派工方案已生成, workOrderId=370, planCount=1, recommendedIndex=null
12:32:40.443 [main] INFO com.maintenance.consumer.PredictiveDispatchConsumer -- 派工方案已生成, workOrderId=371, planCount=1, recommendedIndex=null
12:32:40.443 [main] INFO com.maintenance.consumer.PredictiveDispatchConsumer -- 派工方案已生成, workOrderId=372, planCount=1, recommendedIndex=null
12:32:40.444 [main] INFO com.maintenance.consumer.PredictiveDispatchConsumer -- 派工方案已生成, workOrderId=373, planCount=1, recommendedIndex=null
12:32:40.444 [main] INFO com.maintenance.consumer.PredictiveDispatchConsumer -- 派工方案已生成, workOrderId=374, planCount=1, recommendedIndex=null
12:32:40.444 [main] INFO com.maintenance.consumer.PredictiveDispatchConsumer -- 派工方案已生成, workOrderId=375, planCount=1, recommendedIndex=null
12:32:40.444 [main] INFO com.maintenance.consumer.PredictiveDispatchConsumer -- 派工方案已生成, workOrderId=376, planCount=1, recommendedIndex=null
12:32:40.444 [main] INFO com.maintenance.consumer.PredictiveDispatchConsumer -- 派工方案已生成, workOrderId=377, planCount=1, recommendedIndex=null
12:32:40.445 [main] INFO com.maintenance.consumer.PredictiveDispatchConsumer -- 派工方案已生成, workOrderId=378, planCount=1, recommendedIndex=null
12:32:40.445 [main] INFO com.maintenance.consumer.PredictiveDispatchConsumer -- 派工方案已生成, workOrderId=379, planCount=1, recommendedIndex=null
12:32:40.445 [main] INFO com.maintenance.consumer.PredictiveDispatchConsumer -- 派工方案已生成, workOrderId=380, planCount=1, recommendedIndex=null
12:32:40.445 [main] INFO com.maintenance.consumer.PredictiveDispatchConsumer -- 派工方案已生成, workOrderId=381, planCount=1, recommendedIndex=null
12:32:40.446 [main] INFO com.maintenance.consumer.PredictiveDispatchConsumer -- 派工方案已生成, workOrderId=382, planCount=1, recommendedIndex=null
12:32:40.446 [main] INFO com.maintenance.consumer.PredictiveDispatchConsumer -- 派工方案已生成, workOrderId=383, planCount=1, recommendedIndex=null
12:32:40.446 [main] INFO com.maintenance.consumer.PredictiveDispatchConsumer -- 派工方案已生成, workOrderId=384, planCount=1, recommendedIndex=null
12:32:40.446 [main] INFO com.maintenance.consumer.PredictiveDispatchConsumer -- 派工方案已生成, workOrderId=385, planCount=1, recommendedIndex=null
12:32:40.446 [main] INFO com.maintenance.consumer.PredictiveDispatchConsumer -- 派工方案已生成, workOrderId=386, planCount=1, recommendedIndex=null
12:32:40.447 [main] INFO com.maintenance.consumer.PredictiveDispatchConsumer -- 派工方案已生成, workOrderId=387, planCount=1, recommendedIndex=null
12:32:40.447 [main] INFO com.maintenance.consumer.PredictiveDispatchConsumer -- 派工方案已生成, workOrderId=388, planCount=1, recommendedIndex=null
12:32:40.447 [main] INFO com.maintenance.consumer.PredictiveDispatchConsumer -- 派工方案已生成, workOrderId=389, planCount=1, recommendedIndex=null
12:32:40.447 [main] INFO com.maintenance.consumer.PredictiveDispatchConsumer -- 派工方案已生成, workOrderId=390, planCount=1, recommendedIndex=null
12:32:40.447 [main] INFO com.maintenance.consumer.PredictiveDispatchConsumer -- 派工方案已生成, workOrderId=391, planCount=1, recommendedIndex=null
12:32:40.448 [main] INFO com.maintenance.consumer.PredictiveDispatchConsumer -- 派工方案已生成, workOrderId=392, planCount=1, recommendedIndex=null
12:32:40.448 [main] INFO com.maintenance.consumer.PredictiveDispatchConsumer -- 派工方案已生成, workOrderId=393, planCount=1, recommendedIndex=null
12:32:40.448 [main] INFO com.maintenance.consumer.PredictiveDispatchConsumer -- 派工方案已生成, workOrderId=394, planCount=1, recommendedIndex=null
12:32:40.448 [main] INFO com.maintenance.consumer.PredictiveDispatchConsumer -- 派工方案已生成, workOrderId=395, planCount=1, recommendedIndex=null
12:32:40.448 [main] INFO com.maintenance.consumer.PredictiveDispatchConsumer -- 派工方案已生成, workOrderId=396, planCount=1, recommendedIndex=null
12:32:40.448 [main] INFO com.maintenance.consumer.PredictiveDispatchConsumer -- 派工方案已生成, workOrderId=397, planCount=1, recommendedIndex=null
12:32:40.448 [main] INFO com.maintenance.consumer.PredictiveDispatchConsumer -- 派工方案已生成, workOrderId=398, planCount=1, recommendedIndex=null
12:32:40.449 [main] INFO com.maintenance.consumer.PredictiveDispatchConsumer -- 派工方案已生成, workOrderId=399, planCount=1, recommendedIndex=null
12:32:40.449 [main] INFO com.maintenance.consumer.PredictiveDispatchConsumer -- 派工方案已生成, workOrderId=400, planCount=1, recommendedIndex=null
12:32:40.449 [main] INFO com.maintenance.consumer.PredictiveDispatchConsumer -- 派工方案已生成, workOrderId=401, planCount=1, recommendedIndex=null
12:32:40.449 [main] INFO com.maintenance.consumer.PredictiveDispatchConsumer -- 派工方案已生成, workOrderId=402, planCount=1, recommendedIndex=null
12:32:40.449 [main] INFO com.maintenance.consumer.PredictiveDispatchConsumer -- 派工方案已生成, workOrderId=403, planCount=1, recommendedIndex=null
12:32:40.449 [main] INFO com.maintenance.consumer.PredictiveDispatchConsumer -- 派工方案已生成, workOrderId=404, planCount=1, recommendedIndex=null
12:32:40.450 [main] INFO com.maintenance.consumer.PredictiveDispatchConsumer -- 派工方案已生成, workOrderId=405, planCount=1, recommendedIndex=null
12:32:40.450 [main] INFO com.maintenance.consumer.PredictiveDispatchConsumer -- 派工方案已生成, workOrderId=406, planCount=1, recommendedIndex=null
12:32:40.450 [main] INFO com.maintenance.consumer.PredictiveDispatchConsumer -- 派工方案已生成, workOrderId=407, planCount=1, recommendedIndex=null
12:32:40.450 [main] INFO com.maintenance.consumer.PredictiveDispatchConsumer -- 派工方案已生成, workOrderId=408, planCount=1, recommendedIndex=null
12:32:40.450 [main] INFO com.maintenance.consumer.PredictiveDispatchConsumer -- 派工方案已生成, workOrderId=409, planCount=1, recommendedIndex=null
12:32:40.450 [main] INFO com.maintenance.consumer.PredictiveDispatchConsumer -- 派工方案已生成, workOrderId=410, planCount=1, recommendedIndex=null
12:32:40.450 [main] INFO com.maintenance.consumer.PredictiveDispatchConsumer -- 派工方案已生成, workOrderId=411, planCount=1, recommendedIndex=null
12:32:40.450 [main] INFO com.maintenance.consumer.PredictiveDispatchConsumer -- 派工方案已生成, workOrderId=412, planCount=1, recommendedIndex=null
12:32:40.450 [main] INFO com.maintenance.consumer.PredictiveDispatchConsumer -- 派工方案已生成, workOrderId=413, planCount=1, recommendedIndex=null
12:32:40.451 [main] INFO com.maintenance.consumer.PredictiveDispatchConsumer -- 派工方案已生成, workOrderId=414, planCount=1, recommendedIndex=null
12:32:40.451 [main] INFO com.maintenance.consumer.PredictiveDispatchConsumer -- 派工方案已生成, workOrderId=415, planCount=1, recommendedIndex=null
12:32:40.451 [main] INFO com.maintenance.consumer.PredictiveDispatchConsumer -- 派工方案已生成, workOrderId=416, planCount=1, recommendedIndex=null
12:32:40.451 [main] INFO com.maintenance.consumer.PredictiveDispatchConsumer -- 派工方案已生成, workOrderId=417, planCount=1, recommendedIndex=null
12:32:40.451 [main] INFO com.maintenance.consumer.PredictiveDispatchConsumer -- 派工方案已生成, workOrderId=418, planCount=1, recommendedIndex=null
12:32:40.451 [main] INFO com.maintenance.consumer.PredictiveDispatchConsumer -- 派工方案已生成, workOrderId=419, planCount=1, recommendedIndex=null
12:32:40.451 [main] INFO com.maintenance.consumer.PredictiveDispatchConsumer -- 派工方案已生成, workOrderId=420, planCount=1, recommendedIndex=null
12:32:40.451 [main] INFO com.maintenance.consumer.PredictiveDispatchConsumer -- 派工方案已生成, workOrderId=421, planCount=1, recommendedIndex=null
12:32:40.451 [main] INFO com.maintenance.consumer.PredictiveDispatchConsumer -- 派工方案已生成, workOrderId=422, planCount=1, recommendedIndex=null
12:32:40.451 [main] INFO com.maintenance.consumer.PredictiveDispatchConsumer -- 派工方案已生成, workOrderId=423, planCount=1, recommendedIndex=null
12:32:40.451 [main] INFO com.maintenance.consumer.PredictiveDispatchConsumer -- 派工方案已生成, workOrderId=424, planCount=1, recommendedIndex=null
12:32:40.452 [main] INFO com.maintenance.consumer.PredictiveDispatchConsumer -- 派工方案已生成, workOrderId=425, planCount=1, recommendedIndex=null
12:32:40.452 [main] INFO com.maintenance.consumer.PredictiveDispatchConsumer -- 派工方案已生成, workOrderId=426, planCount=1, recommendedIndex=null
12:32:40.452 [main] INFO com.maintenance.consumer.PredictiveDispatchConsumer -- 派工方案已生成, workOrderId=427, planCount=1, recommendedIndex=null
12:32:40.452 [main] INFO com.maintenance.consumer.PredictiveDispatchConsumer -- 派工方案已生成, workOrderId=428, planCount=1, recommendedIndex=null
12:32:40.452 [main] INFO com.maintenance.consumer.PredictiveDispatchConsumer -- 派工方案已生成, workOrderId=429, planCount=1, recommendedIndex=null
12:32:40.452 [main] INFO com.maintenance.consumer.PredictiveDispatchConsumer -- 派工方案已生成, workOrderId=430, planCount=1, recommendedIndex=null
12:32:40.452 [main] INFO com.maintenance.consumer.PredictiveDispatchConsumer -- 派工方案已生成, workOrderId=431, planCount=1, recommendedIndex=null
12:32:40.452 [main] INFO com.maintenance.consumer.PredictiveDispatchConsumer -- 派工方案已生成, workOrderId=432, planCount=1, recommendedIndex=null
12:32:40.452 [main] INFO com.maintenance.consumer.PredictiveDispatchConsumer -- 派工方案已生成, workOrderId=433, planCount=1, recommendedIndex=null
12:32:40.452 [main] INFO com.maintenance.consumer.PredictiveDispatchConsumer -- 派工方案已生成, workOrderId=434, planCount=1, recommendedIndex=null
12:32:40.453 [main] INFO com.maintenance.consumer.PredictiveDispatchConsumer -- 派工方案已生成, workOrderId=435, planCount=1, recommendedIndex=null
12:32:40.454 [main] INFO com.maintenance.consumer.PredictiveDispatchConsumer -- 派工方案已生成, workOrderId=436, planCount=1, recommendedIndex=null
12:32:40.454 [main] INFO com.maintenance.consumer.PredictiveDispatchConsumer -- 派工方案已生成, workOrderId=437, planCount=1, recommendedIndex=null
12:32:40.454 [main] INFO com.maintenance.consumer.PredictiveDispatchConsumer -- 派工方案已生成, workOrderId=438, planCount=1, recommendedIndex=null
12:32:40.454 [main] INFO com.maintenance.consumer.PredictiveDispatchConsumer -- 派工方案已生成, workOrderId=439, planCount=1, recommendedIndex=null
12:32:40.454 [main] INFO com.maintenance.consumer.PredictiveDispatchConsumer -- 派工方案已生成, workOrderId=440, planCount=1, recommendedIndex=null
12:32:40.454 [main] INFO com.maintenance.consumer.PredictiveDispatchConsumer -- 派工方案已生成, workOrderId=441, planCount=1, recommendedIndex=null
12:32:40.454 [main] INFO com.maintenance.consumer.PredictiveDispatchConsumer -- 派工方案已生成, workOrderId=442, planCount=1, recommendedIndex=null
12:32:40.454 [main] INFO com.maintenance.consumer.PredictiveDispatchConsumer -- 派工方案已生成, workOrderId=443, planCount=1, recommendedIndex=null
12:32:40.454 [main] INFO com.maintenance.consumer.PredictiveDispatchConsumer -- 派工方案已生成, workOrderId=444, planCount=1, recommendedIndex=null
12:32:40.454 [main] INFO com.maintenance.consumer.PredictiveDispatchConsumer -- 派工方案已生成, workOrderId=445, planCount=1, recommendedIndex=null
12:32:40.454 [main] INFO com.maintenance.consumer.PredictiveDispatchConsumer -- 派工方案已生成, workOrderId=446, planCount=1, recommendedIndex=null
12:32:40.454 [main] INFO com.maintenance.consumer.PredictiveDispatchConsumer -- 派工方案已生成, workOrderId=447, planCount=1, recommendedIndex=null
12:32:40.454 [main] INFO com.maintenance.consumer.PredictiveDispatchConsumer -- 派工方案已生成, workOrderId=448, planCount=1, recommendedIndex=null
12:32:40.454 [main] INFO com.maintenance.consumer.PredictiveDispatchConsumer -- 派工方案已生成, workOrderId=449, planCount=1, recommendedIndex=null
12:32:40.455 [main] INFO com.maintenance.consumer.PredictiveDispatchConsumer -- 派工方案已生成, workOrderId=450, planCount=1, recommendedIndex=null
12:32:40.455 [main] INFO com.maintenance.consumer.PredictiveDispatchConsumer -- 派工方案已生成, workOrderId=451, planCount=1, recommendedIndex=null
12:32:40.455 [main] INFO com.maintenance.consumer.PredictiveDispatchConsumer -- 派工方案已生成, workOrderId=452, planCount=1, recommendedIndex=null
12:32:40.455 [main] INFO com.maintenance.consumer.PredictiveDispatchConsumer -- 派工方案已生成, workOrderId=453, planCount=1, recommendedIndex=null
12:32:40.455 [main] INFO com.maintenance.consumer.PredictiveDispatchConsumer -- 派工方案已生成, workOrderId=454, planCount=1, recommendedIndex=null
12:32:40.455 [main] INFO com.maintenance.consumer.PredictiveDispatchConsumer -- 派工方案已生成, workOrderId=455, planCount=1, recommendedIndex=null
12:32:40.455 [main] INFO com.maintenance.consumer.PredictiveDispatchConsumer -- 派工方案已生成, workOrderId=456, planCount=1, recommendedIndex=null
12:32:40.455 [main] INFO com.maintenance.consumer.PredictiveDispatchConsumer -- 派工方案已生成, workOrderId=457, planCount=1, recommendedIndex=null
12:32:40.455 [main] INFO com.maintenance.consumer.PredictiveDispatchConsumer -- 派工方案已生成, workOrderId=458, planCount=1, recommendedIndex=null
12:32:40.455 [main] INFO com.maintenance.consumer.PredictiveDispatchConsumer -- 派工方案已生成, workOrderId=459, planCount=1, recommendedIndex=null
12:32:40.456 [main] INFO com.maintenance.consumer.PredictiveDispatchConsumer -- 派工方案已生成, workOrderId=460, planCount=1, recommendedIndex=null
12:32:40.456 [main] INFO com.maintenance.consumer.PredictiveDispatchConsumer -- 派工方案已生成, workOrderId=461, planCount=1, recommendedIndex=null
12:32:40.456 [main] INFO com.maintenance.consumer.PredictiveDispatchConsumer -- 派工方案已生成, workOrderId=462, planCount=1, recommendedIndex=null
12:32:40.457 [main] INFO com.maintenance.consumer.PredictiveDispatchConsumer -- 派工方案已生成, workOrderId=463, planCount=1, recommendedIndex=null
12:32:40.457 [main] INFO com.maintenance.consumer.PredictiveDispatchConsumer -- 派工方案已生成, workOrderId=464, planCount=1, recommendedIndex=null
12:32:40.457 [main] INFO com.maintenance.consumer.PredictiveDispatchConsumer -- 派工方案已生成, workOrderId=465, planCount=1, recommendedIndex=null
12:32:40.457 [main] INFO com.maintenance.consumer.PredictiveDispatchConsumer -- 派工方案已生成, workOrderId=466, planCount=1, recommendedIndex=null
12:32:40.457 [main] INFO com.maintenance.consumer.PredictiveDispatchConsumer -- 派工方案已生成, workOrderId=467, planCount=1, recommendedIndex=null
12:32:40.457 [main] INFO com.maintenance.consumer.PredictiveDispatchConsumer -- 派工方案已生成, workOrderId=468, planCount=1, recommendedIndex=null
12:32:40.458 [main] INFO com.maintenance.consumer.PredictiveDispatchConsumer -- 派工方案已生成, workOrderId=469, planCount=1, recommendedIndex=null
12:32:40.458 [main] INFO com.maintenance.consumer.PredictiveDispatchConsumer -- 派工方案已生成, workOrderId=470, planCount=1, recommendedIndex=null
12:32:40.458 [main] INFO com.maintenance.consumer.PredictiveDispatchConsumer -- 派工方案已生成, workOrderId=471, planCount=1, recommendedIndex=null
12:32:40.458 [main] INFO com.maintenance.consumer.PredictiveDispatchConsumer -- 派工方案已生成, workOrderId=472, planCount=1, recommendedIndex=null
12:32:40.458 [main] INFO com.maintenance.consumer.PredictiveDispatchConsumer -- 派工方案已生成, workOrderId=473, planCount=1, recommendedIndex=null
12:32:40.458 [main] INFO com.maintenance.consumer.PredictiveDispatchConsumer -- 派工方案已生成, workOrderId=474, planCount=1, recommendedIndex=null
12:32:40.458 [main] INFO com.maintenance.consumer.PredictiveDispatchConsumer -- 派工方案已生成, workOrderId=475, planCount=1, recommendedIndex=null
12:32:40.459 [main] INFO com.maintenance.consumer.PredictiveDispatchConsumer -- 派工方案已生成, workOrderId=476, planCount=1, recommendedIndex=null
12:32:40.459 [main] INFO com.maintenance.consumer.PredictiveDispatchConsumer -- 派工方案已生成, workOrderId=477, planCount=1, recommendedIndex=null
12:32:40.459 [main] INFO com.maintenance.consumer.PredictiveDispatchConsumer -- 派工方案已生成, workOrderId=478, planCount=1, recommendedIndex=null
12:32:40.459 [main] INFO com.maintenance.consumer.PredictiveDispatchConsumer -- 派工方案已生成, workOrderId=479, planCount=1, recommendedIndex=null
12:32:40.459 [main] INFO com.maintenance.consumer.PredictiveDispatchConsumer -- 派工方案已生成, workOrderId=480, planCount=1, recommendedIndex=null
12:32:40.459 [main] INFO com.maintenance.consumer.PredictiveDispatchConsumer -- 派工方案已生成, workOrderId=481, planCount=1, recommendedIndex=null
12:32:40.459 [main] INFO com.maintenance.consumer.PredictiveDispatchConsumer -- 派工方案已生成, workOrderId=482, planCount=1, recommendedIndex=null
12:32:40.459 [main] INFO com.maintenance.consumer.PredictiveDispatchConsumer -- 派工方案已生成, workOrderId=483, planCount=1, recommendedIndex=null
12:32:40.460 [main] INFO com.maintenance.consumer.PredictiveDispatchConsumer -- 派工方案已生成, workOrderId=484, planCount=1, recommendedIndex=null
12:32:40.460 [main] INFO com.maintenance.consumer.PredictiveDispatchConsumer -- 派工方案已生成, workOrderId=485, planCount=1, recommendedIndex=null
12:32:40.460 [main] INFO com.maintenance.consumer.PredictiveDispatchConsumer -- 派工方案已生成, workOrderId=486, planCount=1, recommendedIndex=null
12:32:40.460 [main] INFO com.maintenance.consumer.PredictiveDispatchConsumer -- 派工方案已生成, workOrderId=487, planCount=1, recommendedIndex=null
12:32:40.460 [main] INFO com.maintenance.consumer.PredictiveDispatchConsumer -- 派工方案已生成, workOrderId=488, planCount=1, recommendedIndex=null
12:32:40.460 [main] INFO com.maintenance.consumer.PredictiveDispatchConsumer -- 派工方案已生成, workOrderId=489, planCount=1, recommendedIndex=null
12:32:40.460 [main] INFO com.maintenance.consumer.PredictiveDispatchConsumer -- 派工方案已生成, workOrderId=490, planCount=1, recommendedIndex=null
12:32:40.460 [main] INFO com.maintenance.consumer.PredictiveDispatchConsumer -- 派工方案已生成, workOrderId=491, planCount=1, recommendedIndex=null
12:32:40.460 [main] INFO com.maintenance.consumer.PredictiveDispatchConsumer -- 派工方案已生成, workOrderId=492, planCount=1, recommendedIndex=null
12:32:40.461 [main] INFO com.maintenance.consumer.PredictiveDispatchConsumer -- 派工方案已生成, workOrderId=493, planCount=1, recommendedIndex=null
12:32:40.461 [main] INFO com.maintenance.consumer.PredictiveDispatchConsumer -- 派工方案已生成, workOrderId=494, planCount=1, recommendedIndex=null
12:32:40.461 [main] INFO com.maintenance.consumer.PredictiveDispatchConsumer -- 派工方案已生成, workOrderId=495, planCount=1, recommendedIndex=null
12:32:40.461 [main] INFO com.maintenance.consumer.PredictiveDispatchConsumer -- 派工方案已生成, workOrderId=496, planCount=1, recommendedIndex=null
12:32:40.461 [main] INFO com.maintenance.consumer.PredictiveDispatchConsumer -- 派工方案已生成, workOrderId=497, planCount=1, recommendedIndex=null
12:32:40.461 [main] INFO com.maintenance.consumer.PredictiveDispatchConsumer -- 派工方案已生成, workOrderId=498, planCount=1, recommendedIndex=null
12:32:40.461 [main] INFO com.maintenance.consumer.PredictiveDispatchConsumer -- 派工方案已生成, workOrderId=499, planCount=1, recommendedIndex=null
12:32:40.461 [main] INFO com.maintenance.consumer.PredictiveDispatchConsumer -- 派工方案已生成, workOrderId=500, planCount=1, recommendedIndex=null
12:32:40.462 [main] INFO com.maintenance.consumer.PredictiveDispatchConsumer -- 派工方案已生成, workOrderId=501, planCount=1, recommendedIndex=null
12:32:40.462 [main] INFO com.maintenance.consumer.PredictiveDispatchConsumer -- 派工方案已生成, workOrderId=502, planCount=1, recommendedIndex=null
12:32:40.462 [main] INFO com.maintenance.consumer.PredictiveDispatchConsumer -- 派工方案已生成, workOrderId=503, planCount=1, recommendedIndex=null
12:32:40.462 [main] INFO com.maintenance.consumer.PredictiveDispatchConsumer -- 派工方案已生成, workOrderId=504, planCount=1, recommendedIndex=null
12:32:40.462 [main] INFO com.maintenance.consumer.PredictiveDispatchConsumer -- 派工方案已生成, workOrderId=505, planCount=1, recommendedIndex=null
12:32:40.462 [main] INFO com.maintenance.consumer.PredictiveDispatchConsumer -- 派工方案已生成, workOrderId=506, planCount=1, recommendedIndex=null
12:32:40.462 [main] INFO com.maintenance.consumer.PredictiveDispatchConsumer -- 派工方案已生成, workOrderId=507, planCount=1, recommendedIndex=null
12:32:40.463 [main] INFO com.maintenance.consumer.PredictiveDispatchConsumer -- 派工方案已生成, workOrderId=508, planCount=1, recommendedIndex=null
12:32:40.463 [main] INFO com.maintenance.consumer.PredictiveDispatchConsumer -- 派工方案已生成, workOrderId=509, planCount=1, recommendedIndex=null
12:32:40.463 [main] INFO com.maintenance.consumer.PredictiveDispatchConsumer -- 派工方案已生成, workOrderId=510, planCount=1, recommendedIndex=null
12:32:40.463 [main] INFO com.maintenance.consumer.PredictiveDispatchConsumer -- 派工方案已生成, workOrderId=511, planCount=1, recommendedIndex=null
12:32:40.463 [main] INFO com.maintenance.consumer.PredictiveDispatchConsumer -- 派工方案已生成, workOrderId=512, planCount=1, recommendedIndex=null
12:32:40.463 [main] INFO com.maintenance.consumer.PredictiveDispatchConsumer -- 派工方案已生成, workOrderId=513, planCount=1, recommendedIndex=null
12:32:40.463 [main] INFO com.maintenance.consumer.PredictiveDispatchConsumer -- 派工方案已生成, workOrderId=514, planCount=1, recommendedIndex=null
12:32:40.463 [main] INFO com.maintenance.consumer.PredictiveDispatchConsumer -- 派工方案已生成, workOrderId=515, planCount=1, recommendedIndex=null
12:32:40.463 [main] INFO com.maintenance.consumer.PredictiveDispatchConsumer -- 派工方案已生成, workOrderId=516, planCount=1, recommendedIndex=null
12:32:40.463 [main] INFO com.maintenance.consumer.PredictiveDispatchConsumer -- 派工方案已生成, workOrderId=517, planCount=1, recommendedIndex=null
12:32:40.463 [main] INFO com.maintenance.consumer.PredictiveDispatchConsumer -- 派工方案已生成, workOrderId=518, planCount=1, recommendedIndex=null
12:32:40.463 [main] INFO com.maintenance.consumer.PredictiveDispatchConsumer -- 派工方案已生成, workOrderId=519, planCount=1, recommendedIndex=null
12:32:40.464 [main] INFO com.maintenance.consumer.PredictiveDispatchConsumer -- 派工方案已生成, workOrderId=520, planCount=1, recommendedIndex=null
12:32:40.464 [main] INFO com.maintenance.consumer.PredictiveDispatchConsumer -- 派工方案已生成, workOrderId=521, planCount=1, recommendedIndex=null
12:32:40.464 [main] INFO com.maintenance.consumer.PredictiveDispatchConsumer -- 派工方案已生成, workOrderId=522, planCount=1, recommendedIndex=null
12:32:40.464 [main] INFO com.maintenance.consumer.PredictiveDispatchConsumer -- 派工方案已生成, workOrderId=523, planCount=1, recommendedIndex=null
12:32:40.465 [main] INFO com.maintenance.consumer.PredictiveDispatchConsumer -- 派工方案已生成, workOrderId=524, planCount=1, recommendedIndex=null
12:32:40.466 [main] INFO com.maintenance.consumer.PredictiveDispatchConsumer -- 派工方案已生成, workOrderId=525, planCount=1, recommendedIndex=null
12:32:40.466 [main] INFO com.maintenance.consumer.PredictiveDispatchConsumer -- 派工方案已生成, workOrderId=526, planCount=1, recommendedIndex=null
12:32:40.466 [main] INFO com.maintenance.consumer.PredictiveDispatchConsumer -- 派工方案已生成, workOrderId=527, planCount=1, recommendedIndex=null
12:32:40.466 [main] INFO com.maintenance.consumer.PredictiveDispatchConsumer -- 派工方案已生成, workOrderId=528, planCount=1, recommendedIndex=null
12:32:40.466 [main] INFO com.maintenance.consumer.PredictiveDispatchConsumer -- 派工方案已生成, workOrderId=529, planCount=1, recommendedIndex=null
12:32:40.466 [main] INFO com.maintenance.consumer.PredictiveDispatchConsumer -- 派工方案已生成, workOrderId=530, planCount=1, recommendedIndex=null
12:32:40.467 [main] INFO com.maintenance.consumer.PredictiveDispatchConsumer -- 派工方案已生成, workOrderId=531, planCount=1, recommendedIndex=null
12:32:40.467 [main] INFO com.maintenance.consumer.PredictiveDispatchConsumer -- 派工方案已生成, workOrderId=532, planCount=1, recommendedIndex=null
12:32:40.467 [main] INFO com.maintenance.consumer.PredictiveDispatchConsumer -- 派工方案已生成, workOrderId=533, planCount=1, recommendedIndex=null
12:32:40.467 [main] INFO com.maintenance.consumer.PredictiveDispatchConsumer -- 派工方案已生成, workOrderId=534, planCount=1, recommendedIndex=null
12:32:40.467 [main] INFO com.maintenance.consumer.PredictiveDispatchConsumer -- 派工方案已生成, workOrderId=535, planCount=1, recommendedIndex=null
12:32:40.467 [main] INFO com.maintenance.consumer.PredictiveDispatchConsumer -- 派工方案已生成, workOrderId=536, planCount=1, recommendedIndex=null
12:32:40.467 [main] INFO com.maintenance.consumer.PredictiveDispatchConsumer -- 派工方案已生成, workOrderId=537, planCount=1, recommendedIndex=null
12:32:40.467 [main] INFO com.maintenance.consumer.PredictiveDispatchConsumer -- 派工方案已生成, workOrderId=538, planCount=1, recommendedIndex=null
12:32:40.467 [main] INFO com.maintenance.consumer.PredictiveDispatchConsumer -- 派工方案已生成, workOrderId=539, planCount=1, recommendedIndex=null
12:32:40.468 [main] INFO com.maintenance.consumer.PredictiveDispatchConsumer -- 派工方案已生成, workOrderId=540, planCount=1, recommendedIndex=null
12:32:40.468 [main] INFO com.maintenance.consumer.PredictiveDispatchConsumer -- 派工方案已生成, workOrderId=541, planCount=1, recommendedIndex=null
12:32:40.468 [main] INFO com.maintenance.consumer.PredictiveDispatchConsumer -- 派工方案已生成, workOrderId=542, planCount=1, recommendedIndex=null
12:32:40.468 [main] INFO com.maintenance.consumer.PredictiveDispatchConsumer -- 派工方案已生成, workOrderId=543, planCount=1, recommendedIndex=null
12:32:40.468 [main] INFO com.maintenance.consumer.PredictiveDispatchConsumer -- 派工方案已生成, workOrderId=544, planCount=1, recommendedIndex=null
12:32:40.468 [main] INFO com.maintenance.consumer.PredictiveDispatchConsumer -- 派工方案已生成, workOrderId=545, planCount=1, recommendedIndex=null
12:32:40.468 [main] INFO com.maintenance.consumer.PredictiveDispatchConsumer -- 派工方案已生成, workOrderId=546, planCount=1, recommendedIndex=null
12:32:40.468 [main] INFO com.maintenance.consumer.PredictiveDispatchConsumer -- 派工方案已生成, workOrderId=547, planCount=1, recommendedIndex=null
12:32:40.468 [main] INFO com.maintenance.consumer.PredictiveDispatchConsumer -- 派工方案已生成, workOrderId=548, planCount=1, recommendedIndex=null
12:32:40.468 [main] INFO com.maintenance.consumer.PredictiveDispatchConsumer -- 派工方案已生成, workOrderId=549, planCount=1, recommendedIndex=null
12:32:40.468 [main] INFO com.maintenance.consumer.PredictiveDispatchConsumer -- 派工方案已生成, workOrderId=550, planCount=1, recommendedIndex=null
12:32:40.469 [main] INFO com.maintenance.consumer.PredictiveDispatchConsumer -- 派工方案已生成, workOrderId=551, planCount=1, recommendedIndex=null
12:32:40.469 [main] INFO com.maintenance.consumer.PredictiveDispatchConsumer -- 派工方案已生成, workOrderId=552, planCount=1, recommendedIndex=null
12:32:40.469 [main] INFO com.maintenance.consumer.PredictiveDispatchConsumer -- 派工方案已生成, workOrderId=553, planCount=1, recommendedIndex=null
12:32:40.469 [main] INFO com.maintenance.consumer.PredictiveDispatchConsumer -- 派工方案已生成, workOrderId=554, planCount=1, recommendedIndex=null
12:32:40.469 [main] INFO com.maintenance.consumer.PredictiveDispatchConsumer -- 派工方案已生成, workOrderId=555, planCount=1, recommendedIndex=null
12:32:40.469 [main] INFO com.maintenance.consumer.PredictiveDispatchConsumer -- 派工方案已生成, workOrderId=556, planCount=1, recommendedIndex=null
12:32:40.469 [main] INFO com.maintenance.consumer.PredictiveDispatchConsumer -- 派工方案已生成, workOrderId=557, planCount=1, recommendedIndex=null
12:32:40.469 [main] INFO com.maintenance.consumer.PredictiveDispatchConsumer -- 派工方案已生成, workOrderId=558, planCount=1, recommendedIndex=null
12:32:40.469 [main] INFO com.maintenance.consumer.PredictiveDispatchConsumer -- 派工方案已生成, workOrderId=559, planCount=1, recommendedIndex=null
12:32:40.469 [main] INFO com.maintenance.consumer.PredictiveDispatchConsumer -- 派工方案已生成, workOrderId=560, planCount=1, recommendedIndex=null
12:32:40.469 [main] INFO com.maintenance.consumer.PredictiveDispatchConsumer -- 派工方案已生成, workOrderId=561, planCount=1, recommendedIndex=null
12:32:40.469 [main] INFO com.maintenance.consumer.PredictiveDispatchConsumer -- 派工方案已生成, workOrderId=562, planCount=1, recommendedIndex=null
12:32:40.469 [main] INFO com.maintenance.consumer.PredictiveDispatchConsumer -- 派工方案已生成, workOrderId=563, planCount=1, recommendedIndex=null
[...]
12:32:40.859 [main] INFO com.maintenance.consumer.PredictiveDispatchConsumer -- 派工方案已生成, workOrderId=5028, planCount=1, recommendedIndex=null
12:32:40.859 [main] INFO com.maintenance.consumer.PredictiveDispatchConsumer -- 派工方案已生成, workOrderId=5029, planCount=1, recommendedIndex=null
12:32:40.859 [main] INFO com.maintenance.consumer.PredictiveDispatchConsumer -- 派工方案已生成, workOrderId=5030, planCount=1, recommendedIndex=null
12:32:40.859 [main] INFO com.maintenance.consumer.PredictiveDispatchConsumer -- 派工方案已生成, workOrderId=5031, planCount=1, recommendedIndex=null
12:32:40.859 [main] INFO com.maintenance.consumer.PredictiveDispatchConsumer -- 派工方案已生成, workOrderId=5032, planCount=1, recommendedIndex=null
12:32:40.859 [main] INFO com.maintenance.consumer.PredictiveDispatchConsumer -- 派工方案已生成, workOrderId=5033, planCount=1, recommendedIndex=null
12:32:40.859 [main] INFO com.maintenance.consumer.PredictiveDispatchConsumer -- 派工方案已生成, workOrderId=5034, planCount=1, recommendedIndex=null
12:32:40.860 [main] INFO com.maintenance.consumer.PredictiveDispatchConsumer -- 派工方案已生成, workOrderId=5035, planCount=1, recommendedIndex=null
12:32:40.860 [main] INFO com.maintenance.consumer.PredictiveDispatchConsumer -- 派工方案已生成, workOrderId=5036, planCount=1, recommendedIndex=null
12:32:40.860 [main] INFO com.maintenance.consumer.PredictiveDispatchConsumer -- 派工方案已生成, workOrderId=5037, planCount=1, recommendedIndex=null
12:32:40.860 [main] INFO com.maintenance.consumer.PredictiveDispatchConsumer -- 派工方案已生成, workOrderId=5038, planCount=1, recommendedIndex=null
12:32:40.860 [main] INFO com.maintenance.consumer.PredictiveDispatchConsumer -- 派工方案已生成, workOrderId=5039, planCount=1, recommendedIndex=null
12:32:40.860 [main] INFO com.maintenance.consumer.PredictiveDispatchConsumer -- 派工方案已生成, workOrderId=5040, planCount=1, recommendedIndex=null
12:32:40.860 [main] INFO com.maintenance.consumer.PredictiveDispatchConsumer -- 派工方案已生成, workOrderId=5041, planCount=1, recommendedIndex=null
12:32:40.860 [main] INFO com.maintenance.consumer.PredictiveDispatchConsumer -- 派工方案已生成, workOrderId=5042, planCount=1, recommendedIndex=null
12:32:40.860 [main] INFO com.maintenance.consumer.PredictiveDispatchConsumer -- 派工方案已生成, workOrderId=5043, planCount=1, recommendedIndex=null
12:32:40.860 [main] INFO com.maintenance.consumer.PredictiveDispatchConsumer -- 派工方案已生成, workOrderId=5044, planCount=1, recommendedIndex=null
12:32:40.860 [main] INFO com.maintenance.consumer.PredictiveDispatchConsumer -- 派工方案已生成, workOrderId=5045, planCount=1, recommendedIndex=null
12:32:40.860 [main] INFO com.maintenance.consumer.PredictiveDispatchConsumer -- 派工方案已生成, workOrderId=5046, planCount=1, recommendedIndex=null
12:32:40.860 [main] INFO com.maintenance.consumer.PredictiveDispatchConsumer -- 派工方案已生成, workOrderId=5047, planCount=1, recommendedIndex=null
12:32:40.860 [main] INFO com.maintenance.consumer.PredictiveDispatchConsumer -- 派工方案已生成, workOrderId=5048, planCount=1, recommendedIndex=null
12:32:40.860 [main] INFO com.maintenance.consumer.PredictiveDispatchConsumer -- 派工方案已生成, workOrderId=5049, planCount=1, recommendedIndex=null
12:32:40.860 [main] INFO com.maintenance.consumer.PredictiveDispatchConsumer -- 派工方案已生成, workOrderId=5050, planCount=1, recommendedIndex=null
12:32:40.860 [main] INFO com.maintenance.consumer.PredictiveDispatchConsumer -- 派工方案已生成, workOrderId=5051, planCount=1, recommendedIndex=null
12:32:40.860 [main] INFO com.maintenance.consumer.PredictiveDispatchConsumer -- 派工方案已生成, workOrderId=5052, planCount=1, recommendedIndex=null
12:32:40.860 [main] INFO com.maintenance.consumer.PredictiveDispatchConsumer -- 派工方案已生成, workOrderId=5053, planCount=1, recommendedIndex=null
12:32:40.860 [main] INFO com.maintenance.consumer.PredictiveDispatchConsumer -- 派工方案已生成, workOrderId=5054, planCount=1, recommendedIndex=null
12:32:40.860 [main] INFO com.maintenance.consumer.PredictiveDispatchConsumer -- 派工方案已生成, workOrderId=5055, planCount=1, recommendedIndex=null
12:32:40.860 [main] INFO com.maintenance.consumer.PredictiveDispatchConsumer -- 派工方案已生成, workOrderId=5056, planCount=1, recommendedIndex=null
12:32:40.861 [main] INFO com.maintenance.consumer.PredictiveDispatchConsumer -- 派工方案已生成, workOrderId=5057, planCount=1, recommendedIndex=null
12:32:40.861 [main] INFO com.maintenance.consumer.PredictiveDispatchConsumer -- 派工方案已生成, workOrderId=5058, planCount=1, recommendedIndex=null
12:32:40.861 [main] INFO com.maintenance.consumer.PredictiveDispatchConsumer -- 派工方案已生成, workOrderId=5059, planCount=1, recommendedIndex=null
12:32:40.861 [main] INFO com.maintenance.consumer.PredictiveDispatchConsumer -- 派工方案已生成, workOrderId=5060, planCount=1, recommendedIndex=null
12:32:40.861 [main] INFO com.maintenance.consumer.PredictiveDispatchConsumer -- 派工方案已生成, workOrderId=5061, planCount=1, recommendedIndex=null
12:32:40.861 [main] INFO com.maintenance.consumer.PredictiveDispatchConsumer -- 派工方案已生成, workOrderId=5062, planCount=1, recommendedIndex=null
12:32:40.861 [main] INFO com.maintenance.consumer.PredictiveDispatchConsumer -- 派工方案已生成, workOrderId=5063, planCount=1, recommendedIndex=null
12:32:40.861 [main] INFO com.maintenance.consumer.PredictiveDispatchConsumer -- 派工方案已生成, workOrderId=5064, planCount=1, recommendedIndex=null
12:32:40.861 [main] INFO com.maintenance.consumer.PredictiveDispatchConsumer -- 派工方案已生成, workOrderId=5065, planCount=1, recommendedIndex=null
12:32:40.861 [main] INFO com.maintenance.consumer.PredictiveDispatchConsumer -- 派工方案已生成, workOrderId=5066, planCount=1, recommendedIndex=null
12:32:40.861 [main] INFO com.maintenance.consumer.PredictiveDispatchConsumer -- 派工方案已生成, workOrderId=5067, planCount=1, recommendedIndex=null
12:32:40.861 [main] INFO com.maintenance.consumer.PredictiveDispatchConsumer -- 派工方案已生成, workOrderId=5068, planCount=1, recommendedIndex=null
12:32:40.861 [main] INFO com.maintenance.consumer.PredictiveDispatchConsumer -- 派工方案已生成, workOrderId=5069, planCount=1, recommendedIndex=null
12:32:40.861 [main] INFO com.maintenance.consumer.PredictiveDispatchConsumer -- 派工方案已生成, workOrderId=5070, planCount=1, recommendedIndex=null
12:32:40.861 [main] INFO com.maintenance.consumer.PredictiveDispatchConsumer -- 派工方案已生成, workOrderId=5071, planCount=1, recommendedIndex=null
12:32:40.861 [main] INFO com.maintenance.consumer.PredictiveDispatchConsumer -- 派工方案已生成, workOrderId=5072, planCount=1, recommendedIndex=null
12:32:40.861 [main] INFO com.maintenance.consumer.PredictiveDispatchConsumer -- 派工方案已生成, workOrderId=5073, planCount=1, recommendedIndex=null
12:32:40.861 [main] INFO com.maintenance.consumer.PredictiveDispatchConsumer -- 派工方案已生成, workOrderId=5074, planCount=1, recommendedIndex=null
12:32:40.861 [main] INFO com.maintenance.consumer.PredictiveDispatchConsumer -- 派工方案已生成, workOrderId=5075, planCount=1, recommendedIndex=null
12:32:40.861 [main] INFO com.maintenance.consumer.PredictiveDispatchConsumer -- 派工方案已生成, workOrderId=5076, planCount=1, recommendedIndex=null
12:32:40.862 [main] INFO com.maintenance.consumer.PredictiveDispatchConsumer -- 派工方案已生成, workOrderId=5077, planCount=1, recommendedIndex=null
12:32:40.862 [main] INFO com.maintenance.consumer.PredictiveDispatchConsumer -- 派工方案已生成, workOrderId=5078, planCount=1, recommendedIndex=null
12:32:40.862 [main] INFO com.maintenance.consumer.PredictiveDispatchConsumer -- 派工方案已生成, workOrderId=5079, planCount=1, recommendedIndex=null
12:32:40.862 [main] INFO com.maintenance.consumer.PredictiveDispatchConsumer -- 派工方案已生成, workOrderId=5080, planCount=1, recommendedIndex=null
12:32:40.862 [main] INFO com.maintenance.consumer.PredictiveDispatchConsumer -- 派工方案已生成, workOrderId=5081, planCount=1, recommendedIndex=null
12:32:40.862 [main] INFO com.maintenance.consumer.PredictiveDispatchConsumer -- 派工方案已生成, workOrderId=5082, planCount=1, recommendedIndex=null
12:32:40.862 [main] INFO com.maintenance.consumer.PredictiveDispatchConsumer -- 派工方案已生成, workOrderId=5083, planCount=1, recommendedIndex=null
12:32:40.862 [main] INFO com.maintenance.consumer.PredictiveDispatchConsumer -- 派工方案已生成, workOrderId=5084, planCount=1, recommendedIndex=null
12:32:40.862 [main] INFO com.maintenance.consumer.PredictiveDispatchConsumer -- 派工方案已生成, workOrderId=5085, planCount=1, recommendedIndex=null
12:32:40.862 [main] INFO com.maintenance.consumer.PredictiveDispatchConsumer -- 派工方案已生成, workOrderId=5086, planCount=1, recommendedIndex=null
12:32:40.862 [main] INFO com.maintenance.consumer.PredictiveDispatchConsumer -- 派工方案已生成, workOrderId=5087, planCount=1, recommendedIndex=null
12:32:40.862 [main] INFO com.maintenance.consumer.PredictiveDispatchConsumer -- 派工方案已生成, workOrderId=5088, planCount=1, recommendedIndex=null
12:32:40.862 [main] INFO com.maintenance.consumer.PredictiveDispatchConsumer -- 派工方案已生成, workOrderId=5089, planCount=1, recommendedIndex=null
12:32:40.862 [main] INFO com.maintenance.consumer.PredictiveDispatchConsumer -- 派工方案已生成, workOrderId=5090, planCount=1, recommendedIndex=null
12:32:40.862 [main] INFO com.maintenance.consumer.PredictiveDispatchConsumer -- 派工方案已生成, workOrderId=5091, planCount=1, recommendedIndex=null
12:32:40.862 [main] INFO com.maintenance.consumer.PredictiveDispatchConsumer -- 派工方案已生成, workOrderId=5092, planCount=1, recommendedIndex=null
12:32:40.863 [main] INFO com.maintenance.consumer.PredictiveDispatchConsumer -- 派工方案已生成, workOrderId=5093, planCount=1, recommendedIndex=null
12:32:40.863 [main] INFO com.maintenance.consumer.PredictiveDispatchConsumer -- 派工方案已生成, workOrderId=5094, planCount=1, recommendedIndex=null
12:32:40.863 [main] INFO com.maintenance.consumer.PredictiveDispatchConsumer -- 派工方案已生成, workOrderId=5095, planCount=1, recommendedIndex=null
12:32:40.863 [main] INFO com.maintenance.consumer.PredictiveDispatchConsumer -- 派工方案已生成, workOrderId=5096, planCount=1, recommendedIndex=null
12:32:40.863 [main] INFO com.maintenance.consumer.PredictiveDispatchConsumer -- 派工方案已生成, workOrderId=5097, planCount=1, recommendedIndex=null
12:32:40.863 [main] INFO com.maintenance.consumer.PredictiveDispatchConsumer -- 派工方案已生成, workOrderId=5098, planCount=1, recommendedIndex=null
12:32:40.863 [main] INFO com.maintenance.consumer.PredictiveDispatchConsumer -- 派工方案已生成, workOrderId=5099, planCount=1, recommendedIndex=null
12:32:40.863 [main] INFO com.maintenance.consumer.PredictiveDispatchConsumer -- 派工方案已生成, workOrderId=0, planCount=1, recommendedIndex=null
]]></system-out>
  </testcase>
  <testcase name="failedEvent_removedForRetry" classname="com.maintenance.service.ConcurrencySafetyTest$ConsumerEvictionTest" time="0.013">
    <system-out><![CDATA[12:32:40.885 [main] INFO com.maintenance.consumer.DowntimeEventConsumer -- 强制结束停机记录(安全兜底), equipmentId=10, workOrderId=1
12:32:40.885 [main] ERROR com.maintenance.consumer.DowntimeEventConsumer -- 处理停机兜底事件异常, eventId=retry-test-001
java.lang.RuntimeException: DB error
	at com.maintenance.service.DowntimeService.endDowntime(DowntimeService.java:95)
	at com.maintenance.consumer.DowntimeEventConsumer.handleEvent(DowntimeEventConsumer.java:52)
	at com.maintenance.service.ConcurrencySafetyTest$ConsumerEvictionTest.failedEvent_removedForRetry(ConcurrencySafetyTest.java:595)
	at java.base/jdk.internal.reflect.NativeMethodAccessorImpl.invoke0(Native Method)
	at java.base/jdk.internal.reflect.NativeMethodAccessorImpl.invoke(NativeMethodAccessorImpl.java:77)
	at java.base/jdk.internal.reflect.DelegatingMethodAccessorImpl.invoke(DelegatingMethodAccessorImpl.java:43)
	at java.base/java.lang.reflect.Method.invoke(Method.java:569)
	at org.junit.platform.commons.util.ReflectionUtils.invokeMethod(ReflectionUtils.java:728)
	at org.junit.jupiter.engine.execution.MethodInvocation.proceed(MethodInvocation.java:60)
	at org.junit.jupiter.engine.execution.InvocationInterceptorChain$ValidatingInvocation.proceed(InvocationInterceptorChain.java:131)
	at org.junit.jupiter.engine.extension.TimeoutExtension.intercept(TimeoutExtension.java:156)
	at org.junit.jupiter.engine.extension.TimeoutExtension.interceptTestableMethod(TimeoutExtension.java:147)
	at org.junit.jupiter.engine.extension.TimeoutExtension.interceptTestMethod(TimeoutExtension.java:86)
	at org.junit.jupiter.engine.execution.InterceptingExecutableInvoker$ReflectiveInterceptorCall.lambda$ofVoidMethod$0(InterceptingExecutableInvoker.java:103)
	at org.junit.jupiter.engine.execution.InterceptingExecutableInvoker.lambda$invoke$0(InterceptingExecutableInvoker.java:93)
	at org.junit.jupiter.engine.execution.InvocationInterceptorChain$InterceptedInvocation.proceed(InvocationInterceptorChain.java:106)
	at org.junit.jupiter.engine.execution.InvocationInterceptorChain.proceed(InvocationInterceptorChain.java:64)
	at org.junit.jupiter.engine.execution.InvocationInterceptorChain.chainAndInvoke(InvocationInterceptorChain.java:45)
	at org.junit.jupiter.engine.execution.InvocationInterceptorChain.invoke(InvocationInterceptorChain.java:37)
	at org.junit.jupiter.engine.execution.InterceptingExecutableInvoker.invoke(InterceptingExecutableInvoker.java:92)
	at org.junit.jupiter.engine.execution.InterceptingExecutableInvoker.invoke(InterceptingExecutableInvoker.java:86)
	at org.junit.jupiter.engine.descriptor.TestMethodTestDescriptor.lambda$invokeTestMethod$7(TestMethodTestDescriptor.java:218)
	at org.junit.platform.engine.support.hierarchical.ThrowableCollector.execute(ThrowableCollector.java:73)
	at org.junit.jupiter.engine.descriptor.TestMethodTestDescriptor.invokeTestMethod(TestMethodTestDescriptor.java:214)
	at org.junit.jupiter.engine.descriptor.TestMethodTestDescriptor.execute(TestMethodTestDescriptor.java:139)
	at org.junit.jupiter.engine.descriptor.TestMethodTestDescriptor.execute(TestMethodTestDescriptor.java:69)
	at org.junit.platform.engine.support.hierarchical.NodeTestTask.lambda$executeRecursively$6(NodeTestTask.java:151)
	at org.junit.platform.engine.support.hierarchical.ThrowableCollector.execute(ThrowableCollector.java:73)
	at org.junit.platform.engine.support.hierarchical.NodeTestTask.lambda$executeRecursively$8(NodeTestTask.java:141)
	at org.junit.platform.engine.support.hierarchical.Node.around(Node.java:137)
	at org.junit.platform.engine.support.hierarchical.NodeTestTask.lambda$executeRecursively$9(NodeTestTask.java:139)
	at org.junit.platform.engine.support.hierarchical.ThrowableCollector.execute(ThrowableCollector.java:73)
	at org.junit.platform.engine.support.hierarchical.NodeTestTask.executeRecursively(NodeTestTask.java:138)
	at org.junit.platform.engine.support.hierarchical.NodeTestTask.execute(NodeTestTask.java:95)
	at java.base/java.util.ArrayList.forEach(ArrayList.java:1511)
	at org.junit.platform.engine.support.hierarchical.SameThreadHierarchicalTestExecutorService.invokeAll(SameThreadHierarchicalTestExecutorService.java:41)
	at org.junit.platform.engine.support.hierarchical.NodeTestTask.lambda$executeRecursively$6(NodeTestTask.java:155)
	at org.junit.platform.engine.support.hierarchical.ThrowableCollector.execute(ThrowableCollector.java:73)
	at org.junit.platform.engine.support.hierarchical.NodeTestTask.lambda$executeRecursively$8(NodeTestTask.java:141)
	at org.junit.platform.engine.support.hierarchical.Node.around(Node.java:137)
	at org.junit.platform.engine.support.hierarchical.NodeTestTask.lambda$executeRecursively$9(NodeTestTask.java:139)
	at org.junit.platform.engine.support.hierarchical.ThrowableCollector.execute(ThrowableCollector.java:73)
	at org.junit.platform.engine.support.hierarchical.NodeTestTask.executeRecursively(NodeTestTask.java:138)
	at org.junit.platform.engine.support.hierarchical.NodeTestTask.execute(NodeTestTask.java:95)
	at java.base/java.util.ArrayList.forEach(ArrayList.java:1511)
	at org.junit.platform.engine.support.hierarchical.SameThreadHierarchicalTestExecutorService.invokeAll(SameThreadHierarchicalTestExecutorService.java:41)
	at org.junit.platform.engine.support.hierarchical.NodeTestTask.lambda$executeRecursively$6(NodeTestTask.java:155)
	at org.junit.platform.engine.support.hierarchical.ThrowableCollector.execute(ThrowableCollector.java:73)
	at org.junit.platform.engine.support.hierarchical.NodeTestTask.lambda$executeRecursively$8(NodeTestTask.java:141)
	at org.junit.platform.engine.support.hierarchical.Node.around(Node.java:137)
	at org.junit.platform.engine.support.hierarchical.NodeTestTask.lambda$executeRecursively$9(NodeTestTask.java:139)
	at org.junit.platform.engine.support.hierarchical.ThrowableCollector.execute(ThrowableCollector.java:73)
	at org.junit.platform.engine.support.hierarchical.NodeTestTask.executeRecursively(NodeTestTask.java:138)
	at org.junit.platform.engine.support.hierarchical.NodeTestTask.execute(NodeTestTask.java:95)
	at java.base/java.util.ArrayList.forEach(ArrayList.java:1511)
	at org.junit.platform.engine.support.hierarchical.SameThreadHierarchicalTestExecutorService.invokeAll(SameThreadHierarchicalTestExecutorService.java:41)
	at org.junit.platform.engine.support.hierarchical.NodeTestTask.lambda$executeRecursively$6(NodeTestTask.java:155)
	at org.junit.platform.engine.support.hierarchical.ThrowableCollector.execute(ThrowableCollector.java:73)
	at org.junit.platform.engine.support.hierarchical.NodeTestTask.lambda$executeRecursively$8(NodeTestTask.java:141)
	at org.junit.platform.engine.support.hierarchical.Node.around(Node.java:137)
	at org.junit.platform.engine.support.hierarchical.NodeTestTask.lambda$executeRecursively$9(NodeTestTask.java:139)
	at org.junit.platform.engine.support.hierarchical.ThrowableCollector.execute(ThrowableCollector.java:73)
	at org.junit.platform.engine.support.hierarchical.NodeTestTask.executeRecursively(NodeTestTask.java:138)
	at org.junit.platform.engine.support.hierarchical.NodeTestTask.execute(NodeTestTask.java:95)
	at org.junit.platform.engine.support.hierarchical.SameThreadHierarchicalTestExecutorService.submit(SameThreadHierarchicalTestExecutorService.java:35)
	at org.junit.platform.engine.support.hierarchical.HierarchicalTestExecutor.execute(HierarchicalTestExecutor.java:57)
	at org.junit.platform.engine.support.hierarchical.HierarchicalTestEngine.execute(HierarchicalTestEngine.java:54)
	at org.junit.platform.launcher.core.EngineExecutionOrchestrator.execute(EngineExecutionOrchestrator.java:198)
	at org.junit.platform.launcher.core.EngineExecutionOrchestrator.execute(EngineExecutionOrchestrator.java:169)
	at org.junit.platform.launcher.core.EngineExecutionOrchestrator.execute(EngineExecutionOrchestrator.java:93)
	at org.junit.platform.launcher.core.EngineExecutionOrchestrator.lambda$execute$0(EngineExecutionOrchestrator.java:58)
	at org.junit.platform.launcher.core.EngineExecutionOrchestrator.withInterceptedStreams(EngineExecutionOrchestrator.java:141)
	at org.junit.platform.launcher.core.EngineExecutionOrchestrator.execute(EngineExecutionOrchestrator.java:57)
	at org.junit.platform.launcher.core.DefaultLauncher.execute(DefaultLauncher.java:103)
	at org.junit.platform.launcher.core.DefaultLauncher.execute(DefaultLauncher.java:85)
	at org.junit.platform.launcher.core.DelegatingLauncher.execute(DelegatingLauncher.java:47)
	at org.apache.maven.surefire.junitplatform.LazyLauncher.execute(LazyLauncher.java:56)
	at org.apache.maven.surefire.junitplatform.JUnitPlatformProvider.execute(JUnitPlatformProvider.java:184)
	at org.apache.maven.surefire.junitplatform.JUnitPlatformProvider.invokeAllTests(JUnitPlatformProvider.java:148)
	at org.apache.maven.surefire.junitplatform.JUnitPlatformProvider.invoke(JUnitPlatformProvider.java:122)
	at org.apache.maven.surefire.booter.ForkedBooter.runSuitesInProcess(ForkedBooter.java:385)
	at org.apache.maven.surefire.booter.ForkedBooter.execute(ForkedBooter.java:162)
	at org.apache.maven.surefire.booter.ForkedBooter.run(ForkedBooter.java:507)
	at org.apache.maven.surefire.booter.ForkedBooter.main(ForkedBooter.java:495)
12:32:40.889 [main] INFO com.maintenance.consumer.DowntimeEventConsumer -- 强制结束停机记录(安全兜底), equipmentId=10, workOrderId=1
]]></system-out>
  </testcase>
</testsuite>