<?xml version="1.0" encoding="UTF-8"?>
<testsuite xmlns:xsi="http://www.w3.org/2001/XMLSchema-instance" xsi:noNamespaceSchemaLocation="https://maven.apache.org/surefire/maven-surefire-plugin/xsd/surefire-test-report-3.0.xsd" version="3.0" name="com.maintenance.consumer.ConsumerIdempotencyTest" time="1.919" tests="10" errors="0" skipped="0" failures="0">
  <properties>
[...]
</properties>
  <testcase name="downtimeConsumer_skipsDuplicateEvents" classname="com.maintenance.consumer.ConsumerIdempotencyTest" time="1.754">
    <system-out><![CDATA[12:32:38.980 [main] INFO com.maintenance.consumer.DowntimeEventConsumer -- 强制结束停机记录(安全兜底), equipmentId=10, workOrderId=1
12:32:39.016 [main] INFO com.maintenance.consumer.DowntimeEventConsumer -- Skipping duplicate event [DOWNTIME_FORCE_END] eventId=[downtime-dup-001]
]]></system-out>
  </testcase>
  <testcase name="differentEventIds_allProcessed" classname="com.maintenance.consumer.ConsumerIdempotencyTest" time="0.009">
    <system-out><![CDATA[12:32:39.072 [main] INFO com.maintenance.consumer.DowntimeEventConsumer -- 强制结束停机记录(安全兜底), equipmentId=10, workOrderId=1
12:32:39.073 [main] INFO com.maintenance.consumer.DowntimeEventConsumer -- 强制结束停机记录(安全兜底), equipmentId=20, workOrderId=2
]]></system-out>
  </testcase>
  <testcase name="partConsumer_skipsDuplicateEvents" classname="com.maintenance.consumer.ConsumerIdempotencyTest" time="0.015">
    <system-out><![CDATA[12:32:39.083 [main] INFO com.maintenance.consumer.PartEventConsumer -- 备件已消耗, occupationId=1, workOrderId=1, partId=10, quantity=2
12:32:39.088 [main] INFO com.maintenance.consumer.PartEventConsumer -- Skipping duplicate event [PART_CONSUMED] eventId=[part-dup-001]
]]></system-out>
  </testcase>
  <testcase name="predictiveConsumer_handlesSlaPaused" classname="com.maintenance.consumer.ConsumerIdempotencyTest" time="0.013">
    <system-out><![CDATA[12:32:39.107 [main] INFO com.maintenance.consumer.PredictiveDispatchConsumer -- SLA已暂停, workOrderId=1, remaining=60min, reason=waiting for parts
]]></system-out>
  </testcase>
  <testcase name="supportsEventType_correctRouting" classname="com.maintenance.consumer.ConsumerIdempotencyTest" time="0.01"/>
  <testcase name="emergencyConsumer_skipsDuplicateEvents" classname="com.maintenance.consumer.ConsumerIdempotencyTest" time="0.007">
    <system-out><![CDATA[12:32:39.135 [main] INFO com.maintenance.consumer.EmergencyNotificationConsumer -- 收到故障上报事件, faultId=1, equipmentId=10, faultLevel=4
12:32:39.136 [main] WARN com.maintenance.consumer.EmergencyNotificationConsumer -- 故障等级为4, 触发紧急广播, faultId=1
12:32:39.136 [main] INFO com.maintenance.consumer.EmergencyNotificationConsumer -- Skipping duplicate event [FAULT_REPORTED] eventId=[emergency-dup-001]
]]></system-out>
  </testcase>
  <testcase name="predictiveConsumer_handlesPurchaseSuggested" classname="com.maintenance.consumer.ConsumerIdempotencyTest" time="0.008">
    <system-out><![CDATA[12:32:39.142 [main] INFO com.maintenance.consumer.PredictiveDispatchConsumer -- 采购建议已生成, workOrderId=1, partCode=P001, urgency=URGENT
]]></system-out>
  </testcase>
  <testcase name="predictiveConsumer_skipsDuplicateEvents" classname="com.maintenance.consumer.ConsumerIdempotencyTest" time="0.006">
    <system-out><![CDATA[12:32:39.152 [main] INFO com.maintenance.consumer.PredictiveDispatchConsumer -- 派工方案已生成, workOrderId=1, planCount=3, recommendedIndex=1
12:32:39.152 [main] INFO com.maintenance.consumer.PredictiveDispatchConsumer -- Skipping duplicate predictive dispatch event [DISPATCH_PLANS_GENERATED] eventId=[predictive-dup-001]
]]></system-out>
  </testcase>
  <testcase name="dispatchConsumer_skipsDuplicateEvents" classname="com.maintenance.consumer.ConsumerIdempotencyTest" time="0.013">
    <system-out><![CDATA[12:32:39.166 [main] INFO com.maintenance.consumer.DispatchEventConsumer -- 处理派工完成事件, workOrderId=1, technicianId=100, technicianName=Test
12:32:39.168 [main] INFO com.maintenance.consumer.DispatchEventConsumer -- 派工通知已送达, technicianId=100, workOrderId=1
12:32:39.169 [main] INFO com.maintenance.consumer.DispatchEventConsumer -- Skipping duplicate event [DISPATCH_DONE] eventId=[dispatch-dup-001]
]]></system-out>
  </testcase>
  <testcase name="statusConsumer_skipsDuplicateEvents" classname="com.maintenance.consumer.ConsumerIdempotencyTest" time="0.006">
    <system-out><![CDATA[12:32:39.175 [main] INFO com.maintenance.consumer.StatusChangeConsumer -- 工单维修完成, workOrderId=1, technicianId=100
12:32:39.176 [main] INFO com.maintenance.consumer.StatusChangeConsumer -- Skipping duplicate event [REPAIR_COMPLETED] eventId=[status-dup-001]
]]></system-out>
  </testcase>
</testsuite>